::1 - - [19/Feb/2019:20:34:11 +0000] "GET / HTTP/1.1" 200 - "-" "Mozilla/5.0 (Macintosh; Intel Mac OS X 10_14_3) AppleWebKit/537.36 (KHTML, like Gecko) Chrome/72.0.3626.109 Safari/537.36"
::1 - - [19/Feb/2019:20:34:11 +0000] "GET /css/main.css HTTP/1.1" 304 - "http://localhost:8080/" "Mozilla/5.0 (Macintosh; Intel Mac OS X 10_14_3) AppleWebKit/537.36 (KHTML, like Gecko) Chrome/72.0.3626.109 Safari/537.36"
::1 - - [19/Feb/2019:20:34:11 +0000] "GET /css/product.css HTTP/1.1" 304 - "http://localhost:8080/" "Mozilla/5.0 (Macintosh; Intel Mac OS X 10_14_3) AppleWebKit/537.36 (KHTML, like Gecko) Chrome/72.0.3626.109 Safari/537.36"
::1 - - [19/Feb/2019:20:34:11 +0000] "GET /js/main.js HTTP/1.1" 304 - "http://localhost:8080/" "Mozilla/5.0 (Macintosh; Intel Mac OS X 10_14_3) AppleWebKit/537.36 (KHTML, like Gecko) Chrome/72.0.3626.109 Safari/537.36"
::1 - - [19/Feb/2019:20:34:11 +0000] "GET /images/1550589116754-book.jpg HTTP/1.1" 304 - "http://localhost:8080/" "Mozilla/5.0 (Macintosh; Intel Mac OS X 10_14_3) AppleWebKit/537.36 (KHTML, like Gecko) Chrome/72.0.3626.109 Safari/537.36"
::1 - - [19/Feb/2019:20:56:08 +0000] "GET / HTTP/1.1" 200 - "-" "Mozilla/5.0 (Macintosh; Intel Mac OS X 10_14_3) AppleWebKit/537.36 (KHTML, like Gecko) Chrome/72.0.3626.109 Safari/537.36"
::1 - - [19/Feb/2019:20:56:08 +0000] "GET /css/main.css HTTP/1.1" 200 - "https://localhost:8080/" "Mozilla/5.0 (Macintosh; Intel Mac OS X 10_14_3) AppleWebKit/537.36 (KHTML, like Gecko) Chrome/72.0.3626.109 Safari/537.36"
::1 - - [19/Feb/2019:20:56:08 +0000] "GET /js/main.js HTTP/1.1" 200 519 "https://localhost:8080/" "Mozilla/5.0 (Macintosh; Intel Mac OS X 10_14_3) AppleWebKit/537.36 (KHTML, like Gecko) Chrome/72.0.3626.109 Safari/537.36"
::1 - - [19/Feb/2019:20:56:08 +0000] "GET /images/1550589116754-book.jpg HTTP/1.1" 200 41471 "https://localhost:8080/" "Mozilla/5.0 (Macintosh; Intel Mac OS X 10_14_3) AppleWebKit/537.36 (KHTML, like Gecko) Chrome/72.0.3626.109 Safari/537.36"
::1 - - [19/Feb/2019:20:56:08 +0000] "GET /css/product.css HTTP/1.1" 200 379 "https://localhost:8080/" "Mozilla/5.0 (Macintosh; Intel Mac OS X 10_14_3) AppleWebKit/537.36 (KHTML, like Gecko) Chrome/72.0.3626.109 Safari/537.36"
::1 - - [19/Feb/2019:20:56:10 +0000] "GET /favicon.ico HTTP/1.1" 404 - "https://localhost:8080/" "Mozilla/5.0 (Macintosh; Intel Mac OS X 10_14_3) AppleWebKit/537.36 (KHTML, like Gecko) Chrome/72.0.3626.109 Safari/537.36"
::1 - - [19/Feb/2019:22:02:44 +0000] "GET / HTTP/1.1" 200 - "-" "Mozilla/5.0 (Macintosh; Intel Mac OS X 10_14_3) AppleWebKit/537.36 (KHTML, like Gecko) Chrome/72.0.3626.109 Safari/537.36"
::1 - - [19/Feb/2019:22:02:45 +0000] "GET /css/main.css HTTP/1.1" 304 - "http://localhost:8080/" "Mozilla/5.0 (Macintosh; Intel Mac OS X 10_14_3) AppleWebKit/537.36 (KHTML, like Gecko) Chrome/72.0.3626.109 Safari/537.36"
::1 - - [19/Feb/2019:22:02:45 +0000] "GET /css/product.css HTTP/1.1" 304 - "http://localhost:8080/" "Mozilla/5.0 (Macintosh; Intel Mac OS X 10_14_3) AppleWebKit/537.36 (KHTML, like Gecko) Chrome/72.0.3626.109 Safari/537.36"
::1 - - [19/Feb/2019:22:02:45 +0000] "GET /js/main.js HTTP/1.1" 304 - "http://localhost:8080/" "Mozilla/5.0 (Macintosh; Intel Mac OS X 10_14_3) AppleWebKit/537.36 (KHTML, like Gecko) Chrome/72.0.3626.109 Safari/537.36"
::1 - - [19/Feb/2019:22:02:45 +0000] "GET /images/1550589116754-book.jpg HTTP/1.1" 304 - "http://localhost:8080/" "Mozilla/5.0 (Macintosh; Intel Mac OS X 10_14_3) AppleWebKit/537.36 (KHTML, like Gecko) Chrome/72.0.3626.109 Safari/537.36"
::1 - - [19/Feb/2019:22:02:50 +0000] "GET /admin/add-product HTTP/1.1" 200 - "http://localhost:8080/" "Mozilla/5.0 (Macintosh; Intel Mac OS X 10_14_3) AppleWebKit/537.36 (KHTML, like Gecko) Chrome/72.0.3626.109 Safari/537.36"
::1 - - [19/Feb/2019:22:02:51 +0000] "GET /css/main.css HTTP/1.1" 304 - "http://localhost:8080/admin/add-product" "Mozilla/5.0 (Macintosh; Intel Mac OS X 10_14_3) AppleWebKit/537.36 (KHTML, like Gecko) Chrome/72.0.3626.109 Safari/537.36"
::1 - - [19/Feb/2019:22:02:51 +0000] "GET /css/product.css HTTP/1.1" 304 - "http://localhost:8080/admin/add-product" "Mozilla/5.0 (Macintosh; Intel Mac OS X 10_14_3) AppleWebKit/537.36 (KHTML, like Gecko) Chrome/72.0.3626.109 Safari/537.36"
::1 - - [19/Feb/2019:22:02:51 +0000] "GET /css/forms.css HTTP/1.1" 304 - "http://localhost:8080/admin/add-product" "Mozilla/5.0 (Macintosh; Intel Mac OS X 10_14_3) AppleWebKit/537.36 (KHTML, like Gecko) Chrome/72.0.3626.109 Safari/537.36"
::1 - - [19/Feb/2019:22:02:51 +0000] "GET /js/main.js HTTP/1.1" 304 - "http://localhost:8080/admin/add-product" "Mozilla/5.0 (Macintosh; Intel Mac OS X 10_14_3) AppleWebKit/537.36 (KHTML, like Gecko) Chrome/72.0.3626.109 Safari/537.36"
::1 - - [19/Feb/2019:22:03:05 +0000] "POST /admin/add-product HTTP/1.1" 422 - "http://localhost:8080/admin/add-product" "Mozilla/5.0 (Macintosh; Intel Mac OS X 10_14_3) AppleWebKit/537.36 (KHTML, like Gecko) Chrome/72.0.3626.109 Safari/537.36"
::1 - - [19/Feb/2019:22:03:05 +0000] "GET /css/main.css HTTP/1.1" 304 - "http://localhost:8080/admin/add-product" "Mozilla/5.0 (Macintosh; Intel Mac OS X 10_14_3) AppleWebKit/537.36 (KHTML, like Gecko) Chrome/72.0.3626.109 Safari/537.36"
::1 - - [19/Feb/2019:22:03:05 +0000] "GET /css/forms.css HTTP/1.1" 304 - "http://localhost:8080/admin/add-product" "Mozilla/5.0 (Macintosh; Intel Mac OS X 10_14_3) AppleWebKit/537.36 (KHTML, like Gecko) Chrome/72.0.3626.109 Safari/537.36"
::1 - - [19/Feb/2019:22:03:05 +0000] "GET /css/product.css HTTP/1.1" 304 - "http://localhost:8080/admin/add-product" "Mozilla/5.0 (Macintosh; Intel Mac OS X 10_14_3) AppleWebKit/537.36 (KHTML, like Gecko) Chrome/72.0.3626.109 Safari/537.36"
::1 - - [19/Feb/2019:22:03:05 +0000] "GET /js/main.js HTTP/1.1" 304 - "http://localhost:8080/admin/add-product" "Mozilla/5.0 (Macintosh; Intel Mac OS X 10_14_3) AppleWebKit/537.36 (KHTML, like Gecko) Chrome/72.0.3626.109 Safari/537.36"
::1 - - [19/Feb/2019:22:03:20 +0000] "POST /admin/add-product HTTP/1.1" 302 46 "http://localhost:8080/admin/add-product" "Mozilla/5.0 (Macintosh; Intel Mac OS X 10_14_3) AppleWebKit/537.36 (KHTML, like Gecko) Chrome/72.0.3626.109 Safari/537.36"
::1 - - [19/Feb/2019:22:03:21 +0000] "GET / HTTP/1.1" 200 - "http://localhost:8080/admin/add-product" "Mozilla/5.0 (Macintosh; Intel Mac OS X 10_14_3) AppleWebKit/537.36 (KHTML, like Gecko) Chrome/72.0.3626.109 Safari/537.36"
::1 - - [19/Feb/2019:22:03:21 +0000] "GET /css/main.css HTTP/1.1" 304 - "http://localhost:8080/" "Mozilla/5.0 (Macintosh; Intel Mac OS X 10_14_3) AppleWebKit/537.36 (KHTML, like Gecko) Chrome/72.0.3626.109 Safari/537.36"
::1 - - [19/Feb/2019:22:03:21 +0000] "GET /css/product.css HTTP/1.1" 304 - "http://localhost:8080/" "Mozilla/5.0 (Macintosh; Intel Mac OS X 10_14_3) AppleWebKit/537.36 (KHTML, like Gecko) Chrome/72.0.3626.109 Safari/537.36"
::1 - - [19/Feb/2019:22:03:21 +0000] "GET /images/1550589116754-book.jpg HTTP/1.1" 304 - "http://localhost:8080/" "Mozilla/5.0 (Macintosh; Intel Mac OS X 10_14_3) AppleWebKit/537.36 (KHTML, like Gecko) Chrome/72.0.3626.109 Safari/537.36"
::1 - - [19/Feb/2019:22:03:21 +0000] "GET /images/1550613799217-duck.jpg HTTP/1.1" 200 16057 "http://localhost:8080/" "Mozilla/5.0 (Macintosh; Intel Mac OS X 10_14_3) AppleWebKit/537.36 (KHTML, like Gecko) Chrome/72.0.3626.109 Safari/537.36"
::1 - - [19/Feb/2019:22:03:21 +0000] "GET /js/main.js HTTP/1.1" 304 - "http://localhost:8080/" "Mozilla/5.0 (Macintosh; Intel Mac OS X 10_14_3) AppleWebKit/537.36 (KHTML, like Gecko) Chrome/72.0.3626.109 Safari/537.36"
::1 - - [19/Feb/2019:22:03:28 +0000] "GET /admin/add-product HTTP/1.1" 200 - "http://localhost:8080/" "Mozilla/5.0 (Macintosh; Intel Mac OS X 10_14_3) AppleWebKit/537.36 (KHTML, like Gecko) Chrome/72.0.3626.109 Safari/537.36"
::1 - - [19/Feb/2019:22:03:28 +0000] "GET /css/main.css HTTP/1.1" 304 - "http://localhost:8080/admin/add-product" "Mozilla/5.0 (Macintosh; Intel Mac OS X 10_14_3) AppleWebKit/537.36 (KHTML, like Gecko) Chrome/72.0.3626.109 Safari/537.36"
::1 - - [19/Feb/2019:22:03:28 +0000] "GET /css/forms.css HTTP/1.1" 304 - "http://localhost:8080/admin/add-product" "Mozilla/5.0 (Macintosh; Intel Mac OS X 10_14_3) AppleWebKit/537.36 (KHTML, like Gecko) Chrome/72.0.3626.109 Safari/537.36"
::1 - - [19/Feb/2019:22:03:28 +0000] "GET /css/product.css HTTP/1.1" 304 - "http://localhost:8080/admin/add-product" "Mozilla/5.0 (Macintosh; Intel Mac OS X 10_14_3) AppleWebKit/537.36 (KHTML, like Gecko) Chrome/72.0.3626.109 Safari/537.36"
::1 - - [19/Feb/2019:22:03:28 +0000] "GET /js/main.js HTTP/1.1" 304 - "http://localhost:8080/admin/add-product" "Mozilla/5.0 (Macintosh; Intel Mac OS X 10_14_3) AppleWebKit/537.36 (KHTML, like Gecko) Chrome/72.0.3626.109 Safari/537.36"
::1 - - [19/Feb/2019:22:03:53 +0000] "POST /admin/add-product HTTP/1.1" 302 46 "http://localhost:8080/admin/add-product" "Mozilla/5.0 (Macintosh; Intel Mac OS X 10_14_3) AppleWebKit/537.36 (KHTML, like Gecko) Chrome/72.0.3626.109 Safari/537.36"
::1 - - [19/Feb/2019:22:03:54 +0000] "GET / HTTP/1.1" 200 - "http://localhost:8080/admin/add-product" "Mozilla/5.0 (Macintosh; Intel Mac OS X 10_14_3) AppleWebKit/537.36 (KHTML, like Gecko) Chrome/72.0.3626.109 Safari/537.36"
::1 - - [19/Feb/2019:22:03:54 +0000] "GET /css/main.css HTTP/1.1" 304 - "http://localhost:8080/" "Mozilla/5.0 (Macintosh; Intel Mac OS X 10_14_3) AppleWebKit/537.36 (KHTML, like Gecko) Chrome/72.0.3626.109 Safari/537.36"
::1 - - [19/Feb/2019:22:03:54 +0000] "GET /images/1550589116754-book.jpg HTTP/1.1" 304 - "http://localhost:8080/" "Mozilla/5.0 (Macintosh; Intel Mac OS X 10_14_3) AppleWebKit/537.36 (KHTML, like Gecko) Chrome/72.0.3626.109 Safari/537.36"
::1 - - [19/Feb/2019:22:03:54 +0000] "GET /css/product.css HTTP/1.1" 304 - "http://localhost:8080/" "Mozilla/5.0 (Macintosh; Intel Mac OS X 10_14_3) AppleWebKit/537.36 (KHTML, like Gecko) Chrome/72.0.3626.109 Safari/537.36"
::1 - - [19/Feb/2019:22:03:54 +0000] "GET /images/1550613799217-duck.jpg HTTP/1.1" 304 - "http://localhost:8080/" "Mozilla/5.0 (Macintosh; Intel Mac OS X 10_14_3) AppleWebKit/537.36 (KHTML, like Gecko) Chrome/72.0.3626.109 Safari/537.36"
::1 - - [19/Feb/2019:22:03:54 +0000] "GET /js/main.js HTTP/1.1" 304 - "http://localhost:8080/" "Mozilla/5.0 (Macintosh; Intel Mac OS X 10_14_3) AppleWebKit/537.36 (KHTML, like Gecko) Chrome/72.0.3626.109 Safari/537.36"
::1 - - [19/Feb/2019:22:03:54 +0000] "GET /images/1550613832453-cookie%20cup.jpeg HTTP/1.1" 200 7754 "http://localhost:8080/" "Mozilla/5.0 (Macintosh; Intel Mac OS X 10_14_3) AppleWebKit/537.36 (KHTML, like Gecko) Chrome/72.0.3626.109 Safari/537.36"
::1 - - [19/Feb/2019:22:04:01 +0000] "GET /admin/add-product HTTP/1.1" 200 - "http://localhost:8080/" "Mozilla/5.0 (Macintosh; Intel Mac OS X 10_14_3) AppleWebKit/537.36 (KHTML, like Gecko) Chrome/72.0.3626.109 Safari/537.36"
::1 - - [19/Feb/2019:22:04:01 +0000] "GET /css/main.css HTTP/1.1" 304 - "http://localhost:8080/admin/add-product" "Mozilla/5.0 (Macintosh; Intel Mac OS X 10_14_3) AppleWebKit/537.36 (KHTML, like Gecko) Chrome/72.0.3626.109 Safari/537.36"
::1 - - [19/Feb/2019:22:04:01 +0000] "GET /css/product.css HTTP/1.1" 304 - "http://localhost:8080/admin/add-product" "Mozilla/5.0 (Macintosh; Intel Mac OS X 10_14_3) AppleWebKit/537.36 (KHTML, like Gecko) Chrome/72.0.3626.109 Safari/537.36"
::1 - - [19/Feb/2019:22:04:01 +0000] "GET /js/main.js HTTP/1.1" 304 - "http://localhost:8080/admin/add-product" "Mozilla/5.0 (Macintosh; Intel Mac OS X 10_14_3) AppleWebKit/537.36 (KHTML, like Gecko) Chrome/72.0.3626.109 Safari/537.36"
::1 - - [19/Feb/2019:22:04:01 +0000] "GET /css/forms.css HTTP/1.1" 304 - "http://localhost:8080/admin/add-product" "Mozilla/5.0 (Macintosh; Intel Mac OS X 10_14_3) AppleWebKit/537.36 (KHTML, like Gecko) Chrome/72.0.3626.109 Safari/537.36"
::1 - - [19/Feb/2019:22:04:45 +0000] "POST /admin/add-product HTTP/1.1" 302 46 "http://localhost:8080/admin/add-product" "Mozilla/5.0 (Macintosh; Intel Mac OS X 10_14_3) AppleWebKit/537.36 (KHTML, like Gecko) Chrome/72.0.3626.109 Safari/537.36"
::1 - - [19/Feb/2019:22:04:45 +0000] "GET / HTTP/1.1" 200 - "http://localhost:8080/admin/add-product" "Mozilla/5.0 (Macintosh; Intel Mac OS X 10_14_3) AppleWebKit/537.36 (KHTML, like Gecko) Chrome/72.0.3626.109 Safari/537.36"
::1 - - [19/Feb/2019:22:04:45 +0000] "GET /css/main.css HTTP/1.1" 304 - "http://localhost:8080/" "Mozilla/5.0 (Macintosh; Intel Mac OS X 10_14_3) AppleWebKit/537.36 (KHTML, like Gecko) Chrome/72.0.3626.109 Safari/537.36"
::1 - - [19/Feb/2019:22:04:45 +0000] "GET /css/product.css HTTP/1.1" 304 - "http://localhost:8080/" "Mozilla/5.0 (Macintosh; Intel Mac OS X 10_14_3) AppleWebKit/537.36 (KHTML, like Gecko) Chrome/72.0.3626.109 Safari/537.36"
::1 - - [19/Feb/2019:22:04:45 +0000] "GET /images/1550589116754-book.jpg HTTP/1.1" 304 - "http://localhost:8080/" "Mozilla/5.0 (Macintosh; Intel Mac OS X 10_14_3) AppleWebKit/537.36 (KHTML, like Gecko) Chrome/72.0.3626.109 Safari/537.36"
::1 - - [19/Feb/2019:22:04:45 +0000] "GET /images/1550613799217-duck.jpg HTTP/1.1" 304 - "http://localhost:8080/" "Mozilla/5.0 (Macintosh; Intel Mac OS X 10_14_3) AppleWebKit/537.36 (KHTML, like Gecko) Chrome/72.0.3626.109 Safari/537.36"
::1 - - [19/Feb/2019:22:04:46 +0000] "GET /js/main.js HTTP/1.1" 304 - "http://localhost:8080/" "Mozilla/5.0 (Macintosh; Intel Mac OS X 10_14_3) AppleWebKit/537.36 (KHTML, like Gecko) Chrome/72.0.3626.109 Safari/537.36"
::1 - - [19/Feb/2019:22:04:46 +0000] "GET /images/1550613832453-cookie%20cup.jpeg HTTP/1.1" 304 - "http://localhost:8080/" "Mozilla/5.0 (Macintosh; Intel Mac OS X 10_14_3) AppleWebKit/537.36 (KHTML, like Gecko) Chrome/72.0.3626.109 Safari/537.36"
::1 - - [19/Feb/2019:22:04:48 +0000] "GET /?page=2 HTTP/1.1" 200 - "http://localhost:8080/" "Mozilla/5.0 (Macintosh; Intel Mac OS X 10_14_3) AppleWebKit/537.36 (KHTML, like Gecko) Chrome/72.0.3626.109 Safari/537.36"
::1 - - [19/Feb/2019:22:04:48 +0000] "GET /css/main.css HTTP/1.1" 304 - "http://localhost:8080/?page=2" "Mozilla/5.0 (Macintosh; Intel Mac OS X 10_14_3) AppleWebKit/537.36 (KHTML, like Gecko) Chrome/72.0.3626.109 Safari/537.36"
::1 - - [19/Feb/2019:22:04:48 +0000] "GET /css/product.css HTTP/1.1" 304 - "http://localhost:8080/?page=2" "Mozilla/5.0 (Macintosh; Intel Mac OS X 10_14_3) AppleWebKit/537.36 (KHTML, like Gecko) Chrome/72.0.3626.109 Safari/537.36"
::1 - - [19/Feb/2019:22:04:48 +0000] "GET /js/main.js HTTP/1.1" 304 - "http://localhost:8080/?page=2" "Mozilla/5.0 (Macintosh; Intel Mac OS X 10_14_3) AppleWebKit/537.36 (KHTML, like Gecko) Chrome/72.0.3626.109 Safari/537.36"
::1 - - [19/Feb/2019:22:04:48 +0000] "GET /images/1550613883943-cup.jpg HTTP/1.1" 200 14519 "http://localhost:8080/?page=2" "Mozilla/5.0 (Macintosh; Intel Mac OS X 10_14_3) AppleWebKit/537.36 (KHTML, like Gecko) Chrome/72.0.3626.109 Safari/537.36"
::1 - - [19/Feb/2019:22:04:52 +0000] "GET /admin/add-product HTTP/1.1" 200 - "http://localhost:8080/?page=2" "Mozilla/5.0 (Macintosh; Intel Mac OS X 10_14_3) AppleWebKit/537.36 (KHTML, like Gecko) Chrome/72.0.3626.109 Safari/537.36"
::1 - - [19/Feb/2019:22:04:52 +0000] "GET /css/main.css HTTP/1.1" 304 - "http://localhost:8080/admin/add-product" "Mozilla/5.0 (Macintosh; Intel Mac OS X 10_14_3) AppleWebKit/537.36 (KHTML, like Gecko) Chrome/72.0.3626.109 Safari/537.36"
::1 - - [19/Feb/2019:22:04:52 +0000] "GET /css/product.css HTTP/1.1" 304 - "http://localhost:8080/admin/add-product" "Mozilla/5.0 (Macintosh; Intel Mac OS X 10_14_3) AppleWebKit/537.36 (KHTML, like Gecko) Chrome/72.0.3626.109 Safari/537.36"
::1 - - [19/Feb/2019:22:04:52 +0000] "GET /js/main.js HTTP/1.1" 304 - "http://localhost:8080/admin/add-product" "Mozilla/5.0 (Macintosh; Intel Mac OS X 10_14_3) AppleWebKit/537.36 (KHTML, like Gecko) Chrome/72.0.3626.109 Safari/537.36"
::1 - - [19/Feb/2019:22:04:52 +0000] "GET /css/forms.css HTTP/1.1" 304 - "http://localhost:8080/admin/add-product" "Mozilla/5.0 (Macintosh; Intel Mac OS X 10_14_3) AppleWebKit/537.36 (KHTML, like Gecko) Chrome/72.0.3626.109 Safari/537.36"
::1 - - [19/Feb/2019:22:05:35 +0000] "POST /admin/add-product HTTP/1.1" 302 46 "http://localhost:8080/admin/add-product" "Mozilla/5.0 (Macintosh; Intel Mac OS X 10_14_3) AppleWebKit/537.36 (KHTML, like Gecko) Chrome/72.0.3626.109 Safari/537.36"
::1 - - [19/Feb/2019:22:05:35 +0000] "GET / HTTP/1.1" 200 - "http://localhost:8080/admin/add-product" "Mozilla/5.0 (Macintosh; Intel Mac OS X 10_14_3) AppleWebKit/537.36 (KHTML, like Gecko) Chrome/72.0.3626.109 Safari/537.36"
::1 - - [19/Feb/2019:22:05:35 +0000] "GET /css/main.css HTTP/1.1" 304 - "http://localhost:8080/" "Mozilla/5.0 (Macintosh; Intel Mac OS X 10_14_3) AppleWebKit/537.36 (KHTML, like Gecko) Chrome/72.0.3626.109 Safari/537.36"
::1 - - [19/Feb/2019:22:05:35 +0000] "GET /css/product.css HTTP/1.1" 304 - "http://localhost:8080/" "Mozilla/5.0 (Macintosh; Intel Mac OS X 10_14_3) AppleWebKit/537.36 (KHTML, like Gecko) Chrome/72.0.3626.109 Safari/537.36"
::1 - - [19/Feb/2019:22:05:35 +0000] "GET /images/1550589116754-book.jpg HTTP/1.1" 304 - "http://localhost:8080/" "Mozilla/5.0 (Macintosh; Intel Mac OS X 10_14_3) AppleWebKit/537.36 (KHTML, like Gecko) Chrome/72.0.3626.109 Safari/537.36"
::1 - - [19/Feb/2019:22:05:35 +0000] "GET /images/1550613799217-duck.jpg HTTP/1.1" 304 - "http://localhost:8080/" "Mozilla/5.0 (Macintosh; Intel Mac OS X 10_14_3) AppleWebKit/537.36 (KHTML, like Gecko) Chrome/72.0.3626.109 Safari/537.36"
::1 - - [19/Feb/2019:22:05:35 +0000] "GET /js/main.js HTTP/1.1" 304 - "http://localhost:8080/" "Mozilla/5.0 (Macintosh; Intel Mac OS X 10_14_3) AppleWebKit/537.36 (KHTML, like Gecko) Chrome/72.0.3626.109 Safari/537.36"
::1 - - [19/Feb/2019:22:05:35 +0000] "GET /images/1550613832453-cookie%20cup.jpeg HTTP/1.1" 304 - "http://localhost:8080/" "Mozilla/5.0 (Macintosh; Intel Mac OS X 10_14_3) AppleWebKit/537.36 (KHTML, like Gecko) Chrome/72.0.3626.109 Safari/537.36"
::1 - - [19/Feb/2019:22:05:38 +0000] "GET /?page=2 HTTP/1.1" 200 - "http://localhost:8080/" "Mozilla/5.0 (Macintosh; Intel Mac OS X 10_14_3) AppleWebKit/537.36 (KHTML, like Gecko) Chrome/72.0.3626.109 Safari/537.36"
::1 - - [19/Feb/2019:22:05:38 +0000] "GET /css/main.css HTTP/1.1" 304 - "http://localhost:8080/?page=2" "Mozilla/5.0 (Macintosh; Intel Mac OS X 10_14_3) AppleWebKit/537.36 (KHTML, like Gecko) Chrome/72.0.3626.109 Safari/537.36"
::1 - - [19/Feb/2019:22:05:38 +0000] "GET /css/product.css HTTP/1.1" 304 - "http://localhost:8080/?page=2" "Mozilla/5.0 (Macintosh; Intel Mac OS X 10_14_3) AppleWebKit/537.36 (KHTML, like Gecko) Chrome/72.0.3626.109 Safari/537.36"
::1 - - [19/Feb/2019:22:05:38 +0000] "GET /images/1550613883943-cup.jpg HTTP/1.1" 304 - "http://localhost:8080/?page=2" "Mozilla/5.0 (Macintosh; Intel Mac OS X 10_14_3) AppleWebKit/537.36 (KHTML, like Gecko) Chrome/72.0.3626.109 Safari/537.36"
::1 - - [19/Feb/2019:22:05:38 +0000] "GET /images/1550613933880-doughnuts.jpg HTTP/1.1" 200 420533 "http://localhost:8080/?page=2" "Mozilla/5.0 (Macintosh; Intel Mac OS X 10_14_3) AppleWebKit/537.36 (KHTML, like Gecko) Chrome/72.0.3626.109 Safari/537.36"
::1 - - [19/Feb/2019:22:05:38 +0000] "GET /js/main.js HTTP/1.1" 304 - "http://localhost:8080/?page=2" "Mozilla/5.0 (Macintosh; Intel Mac OS X 10_14_3) AppleWebKit/537.36 (KHTML, like Gecko) Chrome/72.0.3626.109 Safari/537.36"
::1 - - [19/Feb/2019:22:05:58 +0000] "GET /admin/add-product HTTP/1.1" 200 - "http://localhost:8080/?page=2" "Mozilla/5.0 (Macintosh; Intel Mac OS X 10_14_3) AppleWebKit/537.36 (KHTML, like Gecko) Chrome/72.0.3626.109 Safari/537.36"
::1 - - [19/Feb/2019:22:05:58 +0000] "GET /css/main.css HTTP/1.1" 304 - "http://localhost:8080/admin/add-product" "Mozilla/5.0 (Macintosh; Intel Mac OS X 10_14_3) AppleWebKit/537.36 (KHTML, like Gecko) Chrome/72.0.3626.109 Safari/537.36"
::1 - - [19/Feb/2019:22:05:58 +0000] "GET /css/forms.css HTTP/1.1" 304 - "http://localhost:8080/admin/add-product" "Mozilla/5.0 (Macintosh; Intel Mac OS X 10_14_3) AppleWebKit/537.36 (KHTML, like Gecko) Chrome/72.0.3626.109 Safari/537.36"
::1 - - [19/Feb/2019:22:05:58 +0000] "GET /css/product.css HTTP/1.1" 304 - "http://localhost:8080/admin/add-product" "Mozilla/5.0 (Macintosh; Intel Mac OS X 10_14_3) AppleWebKit/537.36 (KHTML, like Gecko) Chrome/72.0.3626.109 Safari/537.36"
::1 - - [19/Feb/2019:22:05:58 +0000] "GET /js/main.js HTTP/1.1" 304 - "http://localhost:8080/admin/add-product" "Mozilla/5.0 (Macintosh; Intel Mac OS X 10_14_3) AppleWebKit/537.36 (KHTML, like Gecko) Chrome/72.0.3626.109 Safari/537.36"
::1 - - [19/Feb/2019:22:06:52 +0000] "POST /admin/add-product HTTP/1.1" 302 46 "http://localhost:8080/admin/add-product" "Mozilla/5.0 (Macintosh; Intel Mac OS X 10_14_3) AppleWebKit/537.36 (KHTML, like Gecko) Chrome/72.0.3626.109 Safari/537.36"
::1 - - [19/Feb/2019:22:06:53 +0000] "GET / HTTP/1.1" 200 - "http://localhost:8080/admin/add-product" "Mozilla/5.0 (Macintosh; Intel Mac OS X 10_14_3) AppleWebKit/537.36 (KHTML, like Gecko) Chrome/72.0.3626.109 Safari/537.36"
::1 - - [19/Feb/2019:22:06:53 +0000] "GET /css/main.css HTTP/1.1" 304 - "http://localhost:8080/" "Mozilla/5.0 (Macintosh; Intel Mac OS X 10_14_3) AppleWebKit/537.36 (KHTML, like Gecko) Chrome/72.0.3626.109 Safari/537.36"
::1 - - [19/Feb/2019:22:06:53 +0000] "GET /css/product.css HTTP/1.1" 304 - "http://localhost:8080/" "Mozilla/5.0 (Macintosh; Intel Mac OS X 10_14_3) AppleWebKit/537.36 (KHTML, like Gecko) Chrome/72.0.3626.109 Safari/537.36"
::1 - - [19/Feb/2019:22:06:53 +0000] "GET /images/1550589116754-book.jpg HTTP/1.1" 304 - "http://localhost:8080/" "Mozilla/5.0 (Macintosh; Intel Mac OS X 10_14_3) AppleWebKit/537.36 (KHTML, like Gecko) Chrome/72.0.3626.109 Safari/537.36"
::1 - - [19/Feb/2019:22:06:53 +0000] "GET /images/1550613799217-duck.jpg HTTP/1.1" 304 - "http://localhost:8080/" "Mozilla/5.0 (Macintosh; Intel Mac OS X 10_14_3) AppleWebKit/537.36 (KHTML, like Gecko) Chrome/72.0.3626.109 Safari/537.36"
::1 - - [19/Feb/2019:22:06:53 +0000] "GET /js/main.js HTTP/1.1" 304 - "http://localhost:8080/" "Mozilla/5.0 (Macintosh; Intel Mac OS X 10_14_3) AppleWebKit/537.36 (KHTML, like Gecko) Chrome/72.0.3626.109 Safari/537.36"
::1 - - [19/Feb/2019:22:06:53 +0000] "GET /images/1550613832453-cookie%20cup.jpeg HTTP/1.1" 304 - "http://localhost:8080/" "Mozilla/5.0 (Macintosh; Intel Mac OS X 10_14_3) AppleWebKit/537.36 (KHTML, like Gecko) Chrome/72.0.3626.109 Safari/537.36"
::1 - - [19/Feb/2019:22:06:57 +0000] "GET /?page=2 HTTP/1.1" 200 - "http://localhost:8080/" "Mozilla/5.0 (Macintosh; Intel Mac OS X 10_14_3) AppleWebKit/537.36 (KHTML, like Gecko) Chrome/72.0.3626.109 Safari/537.36"
::1 - - [19/Feb/2019:22:06:57 +0000] "GET /css/main.css HTTP/1.1" 304 - "http://localhost:8080/?page=2" "Mozilla/5.0 (Macintosh; Intel Mac OS X 10_14_3) AppleWebKit/537.36 (KHTML, like Gecko) Chrome/72.0.3626.109 Safari/537.36"
::1 - - [19/Feb/2019:22:06:57 +0000] "GET /css/product.css HTTP/1.1" 304 - "http://localhost:8080/?page=2" "Mozilla/5.0 (Macintosh; Intel Mac OS X 10_14_3) AppleWebKit/537.36 (KHTML, like Gecko) Chrome/72.0.3626.109 Safari/537.36"
::1 - - [19/Feb/2019:22:06:57 +0000] "GET /images/1550613883943-cup.jpg HTTP/1.1" 304 - "http://localhost:8080/?page=2" "Mozilla/5.0 (Macintosh; Intel Mac OS X 10_14_3) AppleWebKit/537.36 (KHTML, like Gecko) Chrome/72.0.3626.109 Safari/537.36"
::1 - - [19/Feb/2019:22:06:57 +0000] "GET /images/1550613933880-doughnuts.jpg HTTP/1.1" 304 - "http://localhost:8080/?page=2" "Mozilla/5.0 (Macintosh; Intel Mac OS X 10_14_3) AppleWebKit/537.36 (KHTML, like Gecko) Chrome/72.0.3626.109 Safari/537.36"
::1 - - [19/Feb/2019:22:06:57 +0000] "GET /js/main.js HTTP/1.1" 304 - "http://localhost:8080/?page=2" "Mozilla/5.0 (Macintosh; Intel Mac OS X 10_14_3) AppleWebKit/537.36 (KHTML, like Gecko) Chrome/72.0.3626.109 Safari/537.36"
::1 - - [19/Feb/2019:22:06:57 +0000] "GET /images/1550614011795-coffee.jpeg HTTP/1.1" 200 9528 "http://localhost:8080/?page=2" "Mozilla/5.0 (Macintosh; Intel Mac OS X 10_14_3) AppleWebKit/537.36 (KHTML, like Gecko) Chrome/72.0.3626.109 Safari/537.36"
::1 - - [19/Feb/2019:22:07:00 +0000] "GET /?page=1 HTTP/1.1" 200 - "http://localhost:8080/?page=2" "Mozilla/5.0 (Macintosh; Intel Mac OS X 10_14_3) AppleWebKit/537.36 (KHTML, like Gecko) Chrome/72.0.3626.109 Safari/537.36"
::1 - - [19/Feb/2019:22:07:00 +0000] "GET /css/main.css HTTP/1.1" 304 - "http://localhost:8080/?page=1" "Mozilla/5.0 (Macintosh; Intel Mac OS X 10_14_3) AppleWebKit/537.36 (KHTML, like Gecko) Chrome/72.0.3626.109 Safari/537.36"
::1 - - [19/Feb/2019:22:07:00 +0000] "GET /css/product.css HTTP/1.1" 304 - "http://localhost:8080/?page=1" "Mozilla/5.0 (Macintosh; Intel Mac OS X 10_14_3) AppleWebKit/537.36 (KHTML, like Gecko) Chrome/72.0.3626.109 Safari/537.36"
::1 - - [19/Feb/2019:22:07:00 +0000] "GET /images/1550589116754-book.jpg HTTP/1.1" 304 - "http://localhost:8080/?page=1" "Mozilla/5.0 (Macintosh; Intel Mac OS X 10_14_3) AppleWebKit/537.36 (KHTML, like Gecko) Chrome/72.0.3626.109 Safari/537.36"
::1 - - [19/Feb/2019:22:07:00 +0000] "GET /images/1550613799217-duck.jpg HTTP/1.1" 304 - "http://localhost:8080/?page=1" "Mozilla/5.0 (Macintosh; Intel Mac OS X 10_14_3) AppleWebKit/537.36 (KHTML, like Gecko) Chrome/72.0.3626.109 Safari/537.36"
::1 - - [19/Feb/2019:22:07:00 +0000] "GET /images/1550613832453-cookie%20cup.jpeg HTTP/1.1" 304 - "http://localhost:8080/?page=1" "Mozilla/5.0 (Macintosh; Intel Mac OS X 10_14_3) AppleWebKit/537.36 (KHTML, like Gecko) Chrome/72.0.3626.109 Safari/537.36"
::1 - - [19/Feb/2019:22:07:00 +0000] "GET /js/main.js HTTP/1.1" 304 - "http://localhost:8080/?page=1" "Mozilla/5.0 (Macintosh; Intel Mac OS X 10_14_3) AppleWebKit/537.36 (KHTML, like Gecko) Chrome/72.0.3626.109 Safari/537.36"
::1 - - [19/Feb/2019:22:07:04 +0000] "GET /products HTTP/1.1" 200 - "http://localhost:8080/?page=1" "Mozilla/5.0 (Macintosh; Intel Mac OS X 10_14_3) AppleWebKit/537.36 (KHTML, like Gecko) Chrome/72.0.3626.109 Safari/537.36"
::1 - - [19/Feb/2019:22:07:04 +0000] "GET /css/main.css HTTP/1.1" 304 - "http://localhost:8080/products" "Mozilla/5.0 (Macintosh; Intel Mac OS X 10_14_3) AppleWebKit/537.36 (KHTML, like Gecko) Chrome/72.0.3626.109 Safari/537.36"
::1 - - [19/Feb/2019:22:07:04 +0000] "GET /css/product.css HTTP/1.1" 304 - "http://localhost:8080/products" "Mozilla/5.0 (Macintosh; Intel Mac OS X 10_14_3) AppleWebKit/537.36 (KHTML, like Gecko) Chrome/72.0.3626.109 Safari/537.36"
::1 - - [19/Feb/2019:22:07:04 +0000] "GET /images/1550589116754-book.jpg HTTP/1.1" 304 - "http://localhost:8080/products" "Mozilla/5.0 (Macintosh; Intel Mac OS X 10_14_3) AppleWebKit/537.36 (KHTML, like Gecko) Chrome/72.0.3626.109 Safari/537.36"
::1 - - [19/Feb/2019:22:07:04 +0000] "GET /images/1550613799217-duck.jpg HTTP/1.1" 304 - "http://localhost:8080/products" "Mozilla/5.0 (Macintosh; Intel Mac OS X 10_14_3) AppleWebKit/537.36 (KHTML, like Gecko) Chrome/72.0.3626.109 Safari/537.36"
::1 - - [19/Feb/2019:22:07:04 +0000] "GET /js/main.js HTTP/1.1" 304 - "http://localhost:8080/products" "Mozilla/5.0 (Macintosh; Intel Mac OS X 10_14_3) AppleWebKit/537.36 (KHTML, like Gecko) Chrome/72.0.3626.109 Safari/537.36"
::1 - - [19/Feb/2019:22:07:04 +0000] "GET /images/1550613832453-cookie%20cup.jpeg HTTP/1.1" 304 - "http://localhost:8080/products" "Mozilla/5.0 (Macintosh; Intel Mac OS X 10_14_3) AppleWebKit/537.36 (KHTML, like Gecko) Chrome/72.0.3626.109 Safari/537.36"
::1 - - [19/Feb/2019:22:07:04 +0000] "GET /images/1550613883943-cup.jpg HTTP/1.1" 304 - "http://localhost:8080/products" "Mozilla/5.0 (Macintosh; Intel Mac OS X 10_14_3) AppleWebKit/537.36 (KHTML, like Gecko) Chrome/72.0.3626.109 Safari/537.36"
::1 - - [19/Feb/2019:22:07:04 +0000] "GET /images/1550613933880-doughnuts.jpg HTTP/1.1" 304 - "http://localhost:8080/products" "Mozilla/5.0 (Macintosh; Intel Mac OS X 10_14_3) AppleWebKit/537.36 (KHTML, like Gecko) Chrome/72.0.3626.109 Safari/537.36"
::1 - - [19/Feb/2019:22:07:04 +0000] "GET /images/1550614011795-coffee.jpeg HTTP/1.1" 304 - "http://localhost:8080/products" "Mozilla/5.0 (Macintosh; Intel Mac OS X 10_14_3) AppleWebKit/537.36 (KHTML, like Gecko) Chrome/72.0.3626.109 Safari/537.36"
::1 - - [19/Feb/2019:22:07:10 +0000] "GET / HTTP/1.1" 200 - "http://localhost:8080/products" "Mozilla/5.0 (Macintosh; Intel Mac OS X 10_14_3) AppleWebKit/537.36 (KHTML, like Gecko) Chrome/72.0.3626.109 Safari/537.36"
::1 - - [19/Feb/2019:22:07:11 +0000] "GET /css/main.css HTTP/1.1" 304 - "http://localhost:8080/" "Mozilla/5.0 (Macintosh; Intel Mac OS X 10_14_3) AppleWebKit/537.36 (KHTML, like Gecko) Chrome/72.0.3626.109 Safari/537.36"
::1 - - [19/Feb/2019:22:07:11 +0000] "GET /css/product.css HTTP/1.1" 304 - "http://localhost:8080/" "Mozilla/5.0 (Macintosh; Intel Mac OS X 10_14_3) AppleWebKit/537.36 (KHTML, like Gecko) Chrome/72.0.3626.109 Safari/537.36"
::1 - - [19/Feb/2019:22:07:11 +0000] "GET /images/1550589116754-book.jpg HTTP/1.1" 304 - "http://localhost:8080/" "Mozilla/5.0 (Macintosh; Intel Mac OS X 10_14_3) AppleWebKit/537.36 (KHTML, like Gecko) Chrome/72.0.3626.109 Safari/537.36"
::1 - - [19/Feb/2019:22:07:11 +0000] "GET /images/1550613799217-duck.jpg HTTP/1.1" 304 - "http://localhost:8080/" "Mozilla/5.0 (Macintosh; Intel Mac OS X 10_14_3) AppleWebKit/537.36 (KHTML, like Gecko) Chrome/72.0.3626.109 Safari/537.36"
::1 - - [19/Feb/2019:22:07:11 +0000] "GET /images/1550613832453-cookie%20cup.jpeg HTTP/1.1" 304 - "http://localhost:8080/" "Mozilla/5.0 (Macintosh; Intel Mac OS X 10_14_3) AppleWebKit/537.36 (KHTML, like Gecko) Chrome/72.0.3626.109 Safari/537.36"
::1 - - [19/Feb/2019:22:07:11 +0000] "GET /js/main.js HTTP/1.1" 304 - "http://localhost:8080/" "Mozilla/5.0 (Macintosh; Intel Mac OS X 10_14_3) AppleWebKit/537.36 (KHTML, like Gecko) Chrome/72.0.3626.109 Safari/537.36"
::1 - - [19/Feb/2019:22:07:12 +0000] "GET /products HTTP/1.1" 200 - "http://localhost:8080/" "Mozilla/5.0 (Macintosh; Intel Mac OS X 10_14_3) AppleWebKit/537.36 (KHTML, like Gecko) Chrome/72.0.3626.109 Safari/537.36"
::1 - - [19/Feb/2019:22:07:12 +0000] "GET /css/main.css HTTP/1.1" 304 - "http://localhost:8080/products" "Mozilla/5.0 (Macintosh; Intel Mac OS X 10_14_3) AppleWebKit/537.36 (KHTML, like Gecko) Chrome/72.0.3626.109 Safari/537.36"
::1 - - [19/Feb/2019:22:07:12 +0000] "GET /css/product.css HTTP/1.1" 304 - "http://localhost:8080/products" "Mozilla/5.0 (Macintosh; Intel Mac OS X 10_14_3) AppleWebKit/537.36 (KHTML, like Gecko) Chrome/72.0.3626.109 Safari/537.36"
::1 - - [19/Feb/2019:22:07:12 +0000] "GET /images/1550589116754-book.jpg HTTP/1.1" 304 - "http://localhost:8080/products" "Mozilla/5.0 (Macintosh; Intel Mac OS X 10_14_3) AppleWebKit/537.36 (KHTML, like Gecko) Chrome/72.0.3626.109 Safari/537.36"
::1 - - [19/Feb/2019:22:07:12 +0000] "GET /images/1550613799217-duck.jpg HTTP/1.1" 304 - "http://localhost:8080/products" "Mozilla/5.0 (Macintosh; Intel Mac OS X 10_14_3) AppleWebKit/537.36 (KHTML, like Gecko) Chrome/72.0.3626.109 Safari/537.36"
::1 - - [19/Feb/2019:22:07:13 +0000] "GET /js/main.js HTTP/1.1" 304 - "http://localhost:8080/products" "Mozilla/5.0 (Macintosh; Intel Mac OS X 10_14_3) AppleWebKit/537.36 (KHTML, like Gecko) Chrome/72.0.3626.109 Safari/537.36"
::1 - - [19/Feb/2019:22:07:13 +0000] "GET /images/1550613832453-cookie%20cup.jpeg HTTP/1.1" 304 - "http://localhost:8080/products" "Mozilla/5.0 (Macintosh; Intel Mac OS X 10_14_3) AppleWebKit/537.36 (KHTML, like Gecko) Chrome/72.0.3626.109 Safari/537.36"
::1 - - [19/Feb/2019:22:07:13 +0000] "GET /images/1550613883943-cup.jpg HTTP/1.1" 304 - "http://localhost:8080/products" "Mozilla/5.0 (Macintosh; Intel Mac OS X 10_14_3) AppleWebKit/537.36 (KHTML, like Gecko) Chrome/72.0.3626.109 Safari/537.36"
::1 - - [19/Feb/2019:22:07:13 +0000] "GET /images/1550613933880-doughnuts.jpg HTTP/1.1" 304 - "http://localhost:8080/products" "Mozilla/5.0 (Macintosh; Intel Mac OS X 10_14_3) AppleWebKit/537.36 (KHTML, like Gecko) Chrome/72.0.3626.109 Safari/537.36"
::1 - - [19/Feb/2019:22:07:13 +0000] "GET /images/1550614011795-coffee.jpeg HTTP/1.1" 304 - "http://localhost:8080/products" "Mozilla/5.0 (Macintosh; Intel Mac OS X 10_14_3) AppleWebKit/537.36 (KHTML, like Gecko) Chrome/72.0.3626.109 Safari/537.36"
::1 - - [19/Feb/2019:22:07:17 +0000] "GET /cart HTTP/1.1" 200 - "http://localhost:8080/products" "Mozilla/5.0 (Macintosh; Intel Mac OS X 10_14_3) AppleWebKit/537.36 (KHTML, like Gecko) Chrome/72.0.3626.109 Safari/537.36"
::1 - - [19/Feb/2019:22:07:17 +0000] "GET /css/main.css HTTP/1.1" 304 - "http://localhost:8080/cart" "Mozilla/5.0 (Macintosh; Intel Mac OS X 10_14_3) AppleWebKit/537.36 (KHTML, like Gecko) Chrome/72.0.3626.109 Safari/537.36"
::1 - - [19/Feb/2019:22:07:17 +0000] "GET /js/main.js HTTP/1.1" 304 - "http://localhost:8080/cart" "Mozilla/5.0 (Macintosh; Intel Mac OS X 10_14_3) AppleWebKit/537.36 (KHTML, like Gecko) Chrome/72.0.3626.109 Safari/537.36"
::1 - - [19/Feb/2019:22:07:17 +0000] "GET /css/cart.css HTTP/1.1" 304 - "http://localhost:8080/cart" "Mozilla/5.0 (Macintosh; Intel Mac OS X 10_14_3) AppleWebKit/537.36 (KHTML, like Gecko) Chrome/72.0.3626.109 Safari/537.36"
::1 - - [19/Feb/2019:22:07:19 +0000] "GET /orders HTTP/1.1" 200 - "http://localhost:8080/cart" "Mozilla/5.0 (Macintosh; Intel Mac OS X 10_14_3) AppleWebKit/537.36 (KHTML, like Gecko) Chrome/72.0.3626.109 Safari/537.36"
::1 - - [19/Feb/2019:22:07:19 +0000] "GET /css/main.css HTTP/1.1" 304 - "http://localhost:8080/orders" "Mozilla/5.0 (Macintosh; Intel Mac OS X 10_14_3) AppleWebKit/537.36 (KHTML, like Gecko) Chrome/72.0.3626.109 Safari/537.36"
::1 - - [19/Feb/2019:22:07:19 +0000] "GET /js/main.js HTTP/1.1" 304 - "http://localhost:8080/orders" "Mozilla/5.0 (Macintosh; Intel Mac OS X 10_14_3) AppleWebKit/537.36 (KHTML, like Gecko) Chrome/72.0.3626.109 Safari/537.36"
::1 - - [19/Feb/2019:22:07:25 +0000] "GET /admin/add-product HTTP/1.1" 200 - "http://localhost:8080/orders" "Mozilla/5.0 (Macintosh; Intel Mac OS X 10_14_3) AppleWebKit/537.36 (KHTML, like Gecko) Chrome/72.0.3626.109 Safari/537.36"
::1 - - [19/Feb/2019:22:07:25 +0000] "GET /css/main.css HTTP/1.1" 304 - "http://localhost:8080/admin/add-product" "Mozilla/5.0 (Macintosh; Intel Mac OS X 10_14_3) AppleWebKit/537.36 (KHTML, like Gecko) Chrome/72.0.3626.109 Safari/537.36"
::1 - - [19/Feb/2019:22:07:25 +0000] "GET /css/forms.css HTTP/1.1" 304 - "http://localhost:8080/admin/add-product" "Mozilla/5.0 (Macintosh; Intel Mac OS X 10_14_3) AppleWebKit/537.36 (KHTML, like Gecko) Chrome/72.0.3626.109 Safari/537.36"
::1 - - [19/Feb/2019:22:07:25 +0000] "GET /css/product.css HTTP/1.1" 304 - "http://localhost:8080/admin/add-product" "Mozilla/5.0 (Macintosh; Intel Mac OS X 10_14_3) AppleWebKit/537.36 (KHTML, like Gecko) Chrome/72.0.3626.109 Safari/537.36"
::1 - - [19/Feb/2019:22:07:25 +0000] "GET /js/main.js HTTP/1.1" 304 - "http://localhost:8080/admin/add-product" "Mozilla/5.0 (Macintosh; Intel Mac OS X 10_14_3) AppleWebKit/537.36 (KHTML, like Gecko) Chrome/72.0.3626.109 Safari/537.36"
::1 - - [19/Feb/2019:22:07:27 +0000] "GET /admin/products HTTP/1.1" 200 - "http://localhost:8080/admin/add-product" "Mozilla/5.0 (Macintosh; Intel Mac OS X 10_14_3) AppleWebKit/537.36 (KHTML, like Gecko) Chrome/72.0.3626.109 Safari/537.36"
::1 - - [19/Feb/2019:22:07:27 +0000] "GET /css/main.css HTTP/1.1" 304 - "http://localhost:8080/admin/products" "Mozilla/5.0 (Macintosh; Intel Mac OS X 10_14_3) AppleWebKit/537.36 (KHTML, like Gecko) Chrome/72.0.3626.109 Safari/537.36"
::1 - - [19/Feb/2019:22:07:27 +0000] "GET /css/product.css HTTP/1.1" 304 - "http://localhost:8080/admin/products" "Mozilla/5.0 (Macintosh; Intel Mac OS X 10_14_3) AppleWebKit/537.36 (KHTML, like Gecko) Chrome/72.0.3626.109 Safari/537.36"
::1 - - [19/Feb/2019:22:07:27 +0000] "GET /images/1550589116754-book.jpg HTTP/1.1" 304 - "http://localhost:8080/admin/products" "Mozilla/5.0 (Macintosh; Intel Mac OS X 10_14_3) AppleWebKit/537.36 (KHTML, like Gecko) Chrome/72.0.3626.109 Safari/537.36"
::1 - - [19/Feb/2019:22:07:27 +0000] "GET /images/1550613799217-duck.jpg HTTP/1.1" 304 - "http://localhost:8080/admin/products" "Mozilla/5.0 (Macintosh; Intel Mac OS X 10_14_3) AppleWebKit/537.36 (KHTML, like Gecko) Chrome/72.0.3626.109 Safari/537.36"
::1 - - [19/Feb/2019:22:07:27 +0000] "GET /js/main.js HTTP/1.1" 304 - "http://localhost:8080/admin/products" "Mozilla/5.0 (Macintosh; Intel Mac OS X 10_14_3) AppleWebKit/537.36 (KHTML, like Gecko) Chrome/72.0.3626.109 Safari/537.36"
::1 - - [19/Feb/2019:22:07:27 +0000] "GET /images/1550613832453-cookie%20cup.jpeg HTTP/1.1" 304 - "http://localhost:8080/admin/products" "Mozilla/5.0 (Macintosh; Intel Mac OS X 10_14_3) AppleWebKit/537.36 (KHTML, like Gecko) Chrome/72.0.3626.109 Safari/537.36"
::1 - - [19/Feb/2019:22:07:27 +0000] "GET /images/1550613883943-cup.jpg HTTP/1.1" 304 - "http://localhost:8080/admin/products" "Mozilla/5.0 (Macintosh; Intel Mac OS X 10_14_3) AppleWebKit/537.36 (KHTML, like Gecko) Chrome/72.0.3626.109 Safari/537.36"
::1 - - [19/Feb/2019:22:07:27 +0000] "GET /images/1550613933880-doughnuts.jpg HTTP/1.1" 304 - "http://localhost:8080/admin/products" "Mozilla/5.0 (Macintosh; Intel Mac OS X 10_14_3) AppleWebKit/537.36 (KHTML, like Gecko) Chrome/72.0.3626.109 Safari/537.36"
::1 - - [19/Feb/2019:22:07:27 +0000] "GET /images/1550614011795-coffee.jpeg HTTP/1.1" 304 - "http://localhost:8080/admin/products" "Mozilla/5.0 (Macintosh; Intel Mac OS X 10_14_3) AppleWebKit/537.36 (KHTML, like Gecko) Chrome/72.0.3626.109 Safari/537.36"
::1 - - [25/Mar/2019:19:35:58 +0000] "GET / HTTP/1.1" 200 - "-" "Mozilla/5.0 (Macintosh; Intel Mac OS X 10_14_3) AppleWebKit/537.36 (KHTML, like Gecko) Chrome/73.0.3683.86 Safari/537.36"
::1 - - [25/Mar/2019:19:35:58 +0000] "GET /css/main.css HTTP/1.1" 200 - "http://localhost:8080/" "Mozilla/5.0 (Macintosh; Intel Mac OS X 10_14_3) AppleWebKit/537.36 (KHTML, like Gecko) Chrome/73.0.3683.86 Safari/537.36"
::1 - - [25/Mar/2019:19:35:58 +0000] "GET /css/product.css HTTP/1.1" 200 379 "http://localhost:8080/" "Mozilla/5.0 (Macintosh; Intel Mac OS X 10_14_3) AppleWebKit/537.36 (KHTML, like Gecko) Chrome/73.0.3683.86 Safari/537.36"
::1 - - [25/Mar/2019:19:35:59 +0000] "GET /images/1550589116754-book.jpg HTTP/1.1" 200 41471 "http://localhost:8080/" "Mozilla/5.0 (Macintosh; Intel Mac OS X 10_14_3) AppleWebKit/537.36 (KHTML, like Gecko) Chrome/73.0.3683.86 Safari/537.36"
::1 - - [25/Mar/2019:19:35:59 +0000] "GET /images/1550613799217-duck.jpg HTTP/1.1" 200 16057 "http://localhost:8080/" "Mozilla/5.0 (Macintosh; Intel Mac OS X 10_14_3) AppleWebKit/537.36 (KHTML, like Gecko) Chrome/73.0.3683.86 Safari/537.36"
::1 - - [25/Mar/2019:19:35:59 +0000] "GET /js/main.js HTTP/1.1" 200 519 "http://localhost:8080/" "Mozilla/5.0 (Macintosh; Intel Mac OS X 10_14_3) AppleWebKit/537.36 (KHTML, like Gecko) Chrome/73.0.3683.86 Safari/537.36"
::1 - - [25/Mar/2019:19:35:59 +0000] "GET /images/1550613832453-cookie%20cup.jpeg HTTP/1.1" 200 7754 "http://localhost:8080/" "Mozilla/5.0 (Macintosh; Intel Mac OS X 10_14_3) AppleWebKit/537.36 (KHTML, like Gecko) Chrome/73.0.3683.86 Safari/537.36"
::1 - - [25/Mar/2019:19:36:00 +0000] "GET /favicon.ico HTTP/1.1" 404 - "http://localhost:8080/" "Mozilla/5.0 (Macintosh; Intel Mac OS X 10_14_3) AppleWebKit/537.36 (KHTML, like Gecko) Chrome/73.0.3683.86 Safari/537.36"
::1 - - [25/Mar/2019:19:36:01 +0000] "GET /?page=2 HTTP/1.1" 200 - "http://localhost:8080/" "Mozilla/5.0 (Macintosh; Intel Mac OS X 10_14_3) AppleWebKit/537.36 (KHTML, like Gecko) Chrome/73.0.3683.86 Safari/537.36"
::1 - - [25/Mar/2019:19:36:01 +0000] "GET /css/main.css HTTP/1.1" 304 - "http://localhost:8080/?page=2" "Mozilla/5.0 (Macintosh; Intel Mac OS X 10_14_3) AppleWebKit/537.36 (KHTML, like Gecko) Chrome/73.0.3683.86 Safari/537.36"
::1 - - [25/Mar/2019:19:36:01 +0000] "GET /css/product.css HTTP/1.1" 304 - "http://localhost:8080/?page=2" "Mozilla/5.0 (Macintosh; Intel Mac OS X 10_14_3) AppleWebKit/537.36 (KHTML, like Gecko) Chrome/73.0.3683.86 Safari/537.36"
::1 - - [25/Mar/2019:19:36:01 +0000] "GET /images/1550613883943-cup.jpg HTTP/1.1" 200 14519 "http://localhost:8080/?page=2" "Mozilla/5.0 (Macintosh; Intel Mac OS X 10_14_3) AppleWebKit/537.36 (KHTML, like Gecko) Chrome/73.0.3683.86 Safari/537.36"
::1 - - [25/Mar/2019:19:36:02 +0000] "GET /images/1550613933880-doughnuts.jpg HTTP/1.1" 200 420533 "http://localhost:8080/?page=2" "Mozilla/5.0 (Macintosh; Intel Mac OS X 10_14_3) AppleWebKit/537.36 (KHTML, like Gecko) Chrome/73.0.3683.86 Safari/537.36"
::1 - - [25/Mar/2019:19:36:02 +0000] "GET /js/main.js HTTP/1.1" 304 - "http://localhost:8080/?page=2" "Mozilla/5.0 (Macintosh; Intel Mac OS X 10_14_3) AppleWebKit/537.36 (KHTML, like Gecko) Chrome/73.0.3683.86 Safari/537.36"
::1 - - [25/Mar/2019:19:36:02 +0000] "GET /images/1550614011795-coffee.jpeg HTTP/1.1" 200 9528 "http://localhost:8080/?page=2" "Mozilla/5.0 (Macintosh; Intel Mac OS X 10_14_3) AppleWebKit/537.36 (KHTML, like Gecko) Chrome/73.0.3683.86 Safari/537.36"
::1 - - [25/Mar/2019:19:36:03 +0000] "GET /?page=3 HTTP/1.1" 200 - "http://localhost:8080/?page=2" "Mozilla/5.0 (Macintosh; Intel Mac OS X 10_14_3) AppleWebKit/537.36 (KHTML, like Gecko) Chrome/73.0.3683.86 Safari/537.36"
::1 - - [25/Mar/2019:19:36:03 +0000] "GET /css/main.css HTTP/1.1" 304 - "http://localhost:8080/?page=3" "Mozilla/5.0 (Macintosh; Intel Mac OS X 10_14_3) AppleWebKit/537.36 (KHTML, like Gecko) Chrome/73.0.3683.86 Safari/537.36"
::1 - - [25/Mar/2019:19:36:03 +0000] "GET /css/product.css HTTP/1.1" 304 - "http://localhost:8080/?page=3" "Mozilla/5.0 (Macintosh; Intel Mac OS X 10_14_3) AppleWebKit/537.36 (KHTML, like Gecko) Chrome/73.0.3683.86 Safari/537.36"
::1 - - [25/Mar/2019:19:36:03 +0000] "GET /js/main.js HTTP/1.1" 304 - "http://localhost:8080/?page=3" "Mozilla/5.0 (Macintosh; Intel Mac OS X 10_14_3) AppleWebKit/537.36 (KHTML, like Gecko) Chrome/73.0.3683.86 Safari/537.36"
::1 - - [25/Mar/2019:19:36:04 +0000] "GET /https://node-project-bucket.s3.amazonaws.com/images/1550871351196-book.jpg HTTP/1.1" 404 - "http://localhost:8080/?page=3" "Mozilla/5.0 (Macintosh; Intel Mac OS X 10_14_3) AppleWebKit/537.36 (KHTML, like Gecko) Chrome/73.0.3683.86 Safari/537.36"
::1 - - [25/Mar/2019:19:36:12 +0000] "GET /login HTTP/1.1" 200 - "http://localhost:8080/?page=3" "Mozilla/5.0 (Macintosh; Intel Mac OS X 10_14_3) AppleWebKit/537.36 (KHTML, like Gecko) Chrome/73.0.3683.86 Safari/537.36"
::1 - - [25/Mar/2019:19:36:12 +0000] "GET /css/main.css HTTP/1.1" 304 - "http://localhost:8080/login" "Mozilla/5.0 (Macintosh; Intel Mac OS X 10_14_3) AppleWebKit/537.36 (KHTML, like Gecko) Chrome/73.0.3683.86 Safari/537.36"
::1 - - [25/Mar/2019:19:36:12 +0000] "GET /js/main.js HTTP/1.1" 304 - "http://localhost:8080/login" "Mozilla/5.0 (Macintosh; Intel Mac OS X 10_14_3) AppleWebKit/537.36 (KHTML, like Gecko) Chrome/73.0.3683.86 Safari/537.36"
::1 - - [25/Mar/2019:19:36:12 +0000] "GET /css/forms.css HTTP/1.1" 200 495 "http://localhost:8080/login" "Mozilla/5.0 (Macintosh; Intel Mac OS X 10_14_3) AppleWebKit/537.36 (KHTML, like Gecko) Chrome/73.0.3683.86 Safari/537.36"
::1 - - [25/Mar/2019:19:36:12 +0000] "GET /css/auth.css HTTP/1.1" 200 84 "http://localhost:8080/login" "Mozilla/5.0 (Macintosh; Intel Mac OS X 10_14_3) AppleWebKit/537.36 (KHTML, like Gecko) Chrome/73.0.3683.86 Safari/537.36"
::1 - - [25/Mar/2019:19:36:19 +0000] "POST /login HTTP/1.1" 302 46 "http://localhost:8080/login" "Mozilla/5.0 (Macintosh; Intel Mac OS X 10_14_3) AppleWebKit/537.36 (KHTML, like Gecko) Chrome/73.0.3683.86 Safari/537.36"
::1 - - [25/Mar/2019:19:36:20 +0000] "GET / HTTP/1.1" 200 - "http://localhost:8080/login" "Mozilla/5.0 (Macintosh; Intel Mac OS X 10_14_3) AppleWebKit/537.36 (KHTML, like Gecko) Chrome/73.0.3683.86 Safari/537.36"
::1 - - [25/Mar/2019:19:36:20 +0000] "GET /css/main.css HTTP/1.1" 304 - "http://localhost:8080/" "Mozilla/5.0 (Macintosh; Intel Mac OS X 10_14_3) AppleWebKit/537.36 (KHTML, like Gecko) Chrome/73.0.3683.86 Safari/537.36"
::1 - - [25/Mar/2019:19:36:20 +0000] "GET /css/product.css HTTP/1.1" 304 - "http://localhost:8080/" "Mozilla/5.0 (Macintosh; Intel Mac OS X 10_14_3) AppleWebKit/537.36 (KHTML, like Gecko) Chrome/73.0.3683.86 Safari/537.36"
::1 - - [25/Mar/2019:19:36:20 +0000] "GET /images/1550613799217-duck.jpg HTTP/1.1" 304 - "http://localhost:8080/" "Mozilla/5.0 (Macintosh; Intel Mac OS X 10_14_3) AppleWebKit/537.36 (KHTML, like Gecko) Chrome/73.0.3683.86 Safari/537.36"
::1 - - [25/Mar/2019:19:36:20 +0000] "GET /images/1550589116754-book.jpg HTTP/1.1" 304 - "http://localhost:8080/" "Mozilla/5.0 (Macintosh; Intel Mac OS X 10_14_3) AppleWebKit/537.36 (KHTML, like Gecko) Chrome/73.0.3683.86 Safari/537.36"
::1 - - [25/Mar/2019:19:36:20 +0000] "GET /js/main.js HTTP/1.1" 304 - "http://localhost:8080/" "Mozilla/5.0 (Macintosh; Intel Mac OS X 10_14_3) AppleWebKit/537.36 (KHTML, like Gecko) Chrome/73.0.3683.86 Safari/537.36"
::1 - - [25/Mar/2019:19:36:20 +0000] "GET /images/1550613832453-cookie%20cup.jpeg HTTP/1.1" 304 - "http://localhost:8080/" "Mozilla/5.0 (Macintosh; Intel Mac OS X 10_14_3) AppleWebKit/537.36 (KHTML, like Gecko) Chrome/73.0.3683.86 Safari/537.36"
::1 - - [25/Mar/2019:19:36:25 +0000] "GET /?page=3 HTTP/1.1" 200 - "http://localhost:8080/" "Mozilla/5.0 (Macintosh; Intel Mac OS X 10_14_3) AppleWebKit/537.36 (KHTML, like Gecko) Chrome/73.0.3683.86 Safari/537.36"
::1 - - [25/Mar/2019:19:36:25 +0000] "GET /css/main.css HTTP/1.1" 304 - "http://localhost:8080/?page=3" "Mozilla/5.0 (Macintosh; Intel Mac OS X 10_14_3) AppleWebKit/537.36 (KHTML, like Gecko) Chrome/73.0.3683.86 Safari/537.36"
::1 - - [25/Mar/2019:19:36:25 +0000] "GET /css/product.css HTTP/1.1" 304 - "http://localhost:8080/?page=3" "Mozilla/5.0 (Macintosh; Intel Mac OS X 10_14_3) AppleWebKit/537.36 (KHTML, like Gecko) Chrome/73.0.3683.86 Safari/537.36"
::1 - - [25/Mar/2019:19:36:25 +0000] "GET /js/main.js HTTP/1.1" 304 - "http://localhost:8080/?page=3" "Mozilla/5.0 (Macintosh; Intel Mac OS X 10_14_3) AppleWebKit/537.36 (KHTML, like Gecko) Chrome/73.0.3683.86 Safari/537.36"
::1 - - [25/Mar/2019:19:36:25 +0000] "GET /https://node-project-bucket.s3.amazonaws.com/images/1550871351196-book.jpg HTTP/1.1" 404 - "http://localhost:8080/?page=3" "Mozilla/5.0 (Macintosh; Intel Mac OS X 10_14_3) AppleWebKit/537.36 (KHTML, like Gecko) Chrome/73.0.3683.86 Safari/537.36"
::1 - - [25/Mar/2019:19:36:27 +0000] "GET /admin/products HTTP/1.1" 200 - "http://localhost:8080/?page=3" "Mozilla/5.0 (Macintosh; Intel Mac OS X 10_14_3) AppleWebKit/537.36 (KHTML, like Gecko) Chrome/73.0.3683.86 Safari/537.36"
::1 - - [25/Mar/2019:19:36:27 +0000] "GET /css/main.css HTTP/1.1" 304 - "http://localhost:8080/admin/products" "Mozilla/5.0 (Macintosh; Intel Mac OS X 10_14_3) AppleWebKit/537.36 (KHTML, like Gecko) Chrome/73.0.3683.86 Safari/537.36"
::1 - - [25/Mar/2019:19:36:27 +0000] "GET /css/product.css HTTP/1.1" 304 - "http://localhost:8080/admin/products" "Mozilla/5.0 (Macintosh; Intel Mac OS X 10_14_3) AppleWebKit/537.36 (KHTML, like Gecko) Chrome/73.0.3683.86 Safari/537.36"
::1 - - [25/Mar/2019:19:36:27 +0000] "GET /js/main.js HTTP/1.1" 304 - "http://localhost:8080/admin/products" "Mozilla/5.0 (Macintosh; Intel Mac OS X 10_14_3) AppleWebKit/537.36 (KHTML, like Gecko) Chrome/73.0.3683.86 Safari/537.36"
::1 - - [25/Mar/2019:19:36:27 +0000] "GET /https://node-project-bucket.s3.amazonaws.com/images/1550871351196-book.jpg HTTP/1.1" 404 - "http://localhost:8080/admin/products" "Mozilla/5.0 (Macintosh; Intel Mac OS X 10_14_3) AppleWebKit/537.36 (KHTML, like Gecko) Chrome/73.0.3683.86 Safari/537.36"
::1 - - [25/Mar/2019:19:37:45 +0000] "GET / HTTP/1.1" 200 - "-" "Mozilla/5.0 (Macintosh; Intel Mac OS X 10_14_3) AppleWebKit/537.36 (KHTML, like Gecko) Chrome/73.0.3683.86 Safari/537.36"
::1 - - [25/Mar/2019:19:37:45 +0000] "GET /css/main.css HTTP/1.1" 304 - "http://localhost:8080/" "Mozilla/5.0 (Macintosh; Intel Mac OS X 10_14_3) AppleWebKit/537.36 (KHTML, like Gecko) Chrome/73.0.3683.86 Safari/537.36"
::1 - - [25/Mar/2019:19:37:45 +0000] "GET /css/product.css HTTP/1.1" 304 - "http://localhost:8080/" "Mozilla/5.0 (Macintosh; Intel Mac OS X 10_14_3) AppleWebKit/537.36 (KHTML, like Gecko) Chrome/73.0.3683.86 Safari/537.36"
::1 - - [25/Mar/2019:19:37:45 +0000] "GET /images/1550589116754-book.jpg HTTP/1.1" 304 - "http://localhost:8080/" "Mozilla/5.0 (Macintosh; Intel Mac OS X 10_14_3) AppleWebKit/537.36 (KHTML, like Gecko) Chrome/73.0.3683.86 Safari/537.36"
::1 - - [25/Mar/2019:19:37:45 +0000] "GET /images/1550613799217-duck.jpg HTTP/1.1" 304 - "http://localhost:8080/" "Mozilla/5.0 (Macintosh; Intel Mac OS X 10_14_3) AppleWebKit/537.36 (KHTML, like Gecko) Chrome/73.0.3683.86 Safari/537.36"
::1 - - [25/Mar/2019:19:37:46 +0000] "GET /js/main.js HTTP/1.1" 304 - "http://localhost:8080/" "Mozilla/5.0 (Macintosh; Intel Mac OS X 10_14_3) AppleWebKit/537.36 (KHTML, like Gecko) Chrome/73.0.3683.86 Safari/537.36"
::1 - - [25/Mar/2019:19:37:46 +0000] "GET /images/1550613832453-cookie%20cup.jpeg HTTP/1.1" 304 - "http://localhost:8080/" "Mozilla/5.0 (Macintosh; Intel Mac OS X 10_14_3) AppleWebKit/537.36 (KHTML, like Gecko) Chrome/73.0.3683.86 Safari/537.36"
::1 - - [25/Mar/2019:19:37:48 +0000] "GET /?page=2 HTTP/1.1" 200 - "http://localhost:8080/" "Mozilla/5.0 (Macintosh; Intel Mac OS X 10_14_3) AppleWebKit/537.36 (KHTML, like Gecko) Chrome/73.0.3683.86 Safari/537.36"
::1 - - [25/Mar/2019:19:37:49 +0000] "GET /css/main.css HTTP/1.1" 304 - "http://localhost:8080/?page=2" "Mozilla/5.0 (Macintosh; Intel Mac OS X 10_14_3) AppleWebKit/537.36 (KHTML, like Gecko) Chrome/73.0.3683.86 Safari/537.36"
::1 - - [25/Mar/2019:19:37:49 +0000] "GET /css/product.css HTTP/1.1" 304 - "http://localhost:8080/?page=2" "Mozilla/5.0 (Macintosh; Intel Mac OS X 10_14_3) AppleWebKit/537.36 (KHTML, like Gecko) Chrome/73.0.3683.86 Safari/537.36"
::1 - - [25/Mar/2019:19:37:49 +0000] "GET /images/1550613883943-cup.jpg HTTP/1.1" 304 - "http://localhost:8080/?page=2" "Mozilla/5.0 (Macintosh; Intel Mac OS X 10_14_3) AppleWebKit/537.36 (KHTML, like Gecko) Chrome/73.0.3683.86 Safari/537.36"
::1 - - [25/Mar/2019:19:37:49 +0000] "GET /images/1550613933880-doughnuts.jpg HTTP/1.1" 304 - "http://localhost:8080/?page=2" "Mozilla/5.0 (Macintosh; Intel Mac OS X 10_14_3) AppleWebKit/537.36 (KHTML, like Gecko) Chrome/73.0.3683.86 Safari/537.36"
::1 - - [25/Mar/2019:19:37:49 +0000] "GET /js/main.js HTTP/1.1" 304 - "http://localhost:8080/?page=2" "Mozilla/5.0 (Macintosh; Intel Mac OS X 10_14_3) AppleWebKit/537.36 (KHTML, like Gecko) Chrome/73.0.3683.86 Safari/537.36"
::1 - - [25/Mar/2019:19:37:49 +0000] "GET /images/1550614011795-coffee.jpeg HTTP/1.1" 304 - "http://localhost:8080/?page=2" "Mozilla/5.0 (Macintosh; Intel Mac OS X 10_14_3) AppleWebKit/537.36 (KHTML, like Gecko) Chrome/73.0.3683.86 Safari/537.36"
::1 - - [25/Mar/2019:19:37:52 +0000] "GET /?page=1 HTTP/1.1" 200 - "http://localhost:8080/?page=2" "Mozilla/5.0 (Macintosh; Intel Mac OS X 10_14_3) AppleWebKit/537.36 (KHTML, like Gecko) Chrome/73.0.3683.86 Safari/537.36"
::1 - - [25/Mar/2019:19:37:52 +0000] "GET /css/product.css HTTP/1.1" 304 - "http://localhost:8080/?page=1" "Mozilla/5.0 (Macintosh; Intel Mac OS X 10_14_3) AppleWebKit/537.36 (KHTML, like Gecko) Chrome/73.0.3683.86 Safari/537.36"
::1 - - [25/Mar/2019:19:37:52 +0000] "GET /css/main.css HTTP/1.1" 304 - "http://localhost:8080/?page=1" "Mozilla/5.0 (Macintosh; Intel Mac OS X 10_14_3) AppleWebKit/537.36 (KHTML, like Gecko) Chrome/73.0.3683.86 Safari/537.36"
::1 - - [25/Mar/2019:19:37:52 +0000] "GET /images/1550589116754-book.jpg HTTP/1.1" 304 - "http://localhost:8080/?page=1" "Mozilla/5.0 (Macintosh; Intel Mac OS X 10_14_3) AppleWebKit/537.36 (KHTML, like Gecko) Chrome/73.0.3683.86 Safari/537.36"
::1 - - [25/Mar/2019:19:37:52 +0000] "GET /images/1550613799217-duck.jpg HTTP/1.1" 304 - "http://localhost:8080/?page=1" "Mozilla/5.0 (Macintosh; Intel Mac OS X 10_14_3) AppleWebKit/537.36 (KHTML, like Gecko) Chrome/73.0.3683.86 Safari/537.36"
::1 - - [25/Mar/2019:19:37:52 +0000] "GET /js/main.js HTTP/1.1" 304 - "http://localhost:8080/?page=1" "Mozilla/5.0 (Macintosh; Intel Mac OS X 10_14_3) AppleWebKit/537.36 (KHTML, like Gecko) Chrome/73.0.3683.86 Safari/537.36"
::1 - - [25/Mar/2019:19:37:52 +0000] "GET /images/1550613832453-cookie%20cup.jpeg HTTP/1.1" 304 - "http://localhost:8080/?page=1" "Mozilla/5.0 (Macintosh; Intel Mac OS X 10_14_3) AppleWebKit/537.36 (KHTML, like Gecko) Chrome/73.0.3683.86 Safari/537.36"
::1 - - [25/Mar/2019:19:37:56 +0000] "GET /admin/products HTTP/1.1" 200 - "http://localhost:8080/?page=1" "Mozilla/5.0 (Macintosh; Intel Mac OS X 10_14_3) AppleWebKit/537.36 (KHTML, like Gecko) Chrome/73.0.3683.86 Safari/537.36"
::1 - - [25/Mar/2019:19:37:56 +0000] "GET /css/main.css HTTP/1.1" 304 - "http://localhost:8080/admin/products" "Mozilla/5.0 (Macintosh; Intel Mac OS X 10_14_3) AppleWebKit/537.36 (KHTML, like Gecko) Chrome/73.0.3683.86 Safari/537.36"
::1 - - [25/Mar/2019:19:37:56 +0000] "GET /js/main.js HTTP/1.1" 304 - "http://localhost:8080/admin/products" "Mozilla/5.0 (Macintosh; Intel Mac OS X 10_14_3) AppleWebKit/537.36 (KHTML, like Gecko) Chrome/73.0.3683.86 Safari/537.36"
::1 - - [25/Mar/2019:19:37:56 +0000] "GET /css/product.css HTTP/1.1" 304 - "http://localhost:8080/admin/products" "Mozilla/5.0 (Macintosh; Intel Mac OS X 10_14_3) AppleWebKit/537.36 (KHTML, like Gecko) Chrome/73.0.3683.86 Safari/537.36"
::1 - - [25/Mar/2019:19:37:58 +0000] "GET /admin/add-product HTTP/1.1" 200 - "http://localhost:8080/admin/products" "Mozilla/5.0 (Macintosh; Intel Mac OS X 10_14_3) AppleWebKit/537.36 (KHTML, like Gecko) Chrome/73.0.3683.86 Safari/537.36"
::1 - - [25/Mar/2019:19:37:58 +0000] "GET /css/main.css HTTP/1.1" 304 - "http://localhost:8080/admin/add-product" "Mozilla/5.0 (Macintosh; Intel Mac OS X 10_14_3) AppleWebKit/537.36 (KHTML, like Gecko) Chrome/73.0.3683.86 Safari/537.36"
::1 - - [25/Mar/2019:19:37:58 +0000] "GET /css/product.css HTTP/1.1" 304 - "http://localhost:8080/admin/add-product" "Mozilla/5.0 (Macintosh; Intel Mac OS X 10_14_3) AppleWebKit/537.36 (KHTML, like Gecko) Chrome/73.0.3683.86 Safari/537.36"
::1 - - [25/Mar/2019:19:37:58 +0000] "GET /js/main.js HTTP/1.1" 304 - "http://localhost:8080/admin/add-product" "Mozilla/5.0 (Macintosh; Intel Mac OS X 10_14_3) AppleWebKit/537.36 (KHTML, like Gecko) Chrome/73.0.3683.86 Safari/537.36"
::1 - - [25/Mar/2019:19:37:58 +0000] "GET /css/forms.css HTTP/1.1" 304 - "http://localhost:8080/admin/add-product" "Mozilla/5.0 (Macintosh; Intel Mac OS X 10_14_3) AppleWebKit/537.36 (KHTML, like Gecko) Chrome/73.0.3683.86 Safari/537.36"
::1 - - [25/Mar/2019:19:38:36 +0000] "POST /admin/add-product HTTP/1.1" 302 46 "http://localhost:8080/admin/add-product" "Mozilla/5.0 (Macintosh; Intel Mac OS X 10_14_3) AppleWebKit/537.36 (KHTML, like Gecko) Chrome/73.0.3683.86 Safari/537.36"
::1 - - [25/Mar/2019:19:38:36 +0000] "GET / HTTP/1.1" 200 - "http://localhost:8080/admin/add-product" "Mozilla/5.0 (Macintosh; Intel Mac OS X 10_14_3) AppleWebKit/537.36 (KHTML, like Gecko) Chrome/73.0.3683.86 Safari/537.36"
::1 - - [25/Mar/2019:19:38:36 +0000] "GET /css/main.css HTTP/1.1" 304 - "http://localhost:8080/" "Mozilla/5.0 (Macintosh; Intel Mac OS X 10_14_3) AppleWebKit/537.36 (KHTML, like Gecko) Chrome/73.0.3683.86 Safari/537.36"
::1 - - [25/Mar/2019:19:38:36 +0000] "GET /css/product.css HTTP/1.1" 304 - "http://localhost:8080/" "Mozilla/5.0 (Macintosh; Intel Mac OS X 10_14_3) AppleWebKit/537.36 (KHTML, like Gecko) Chrome/73.0.3683.86 Safari/537.36"
::1 - - [25/Mar/2019:19:38:36 +0000] "GET /images/1550613799217-duck.jpg HTTP/1.1" 304 - "http://localhost:8080/" "Mozilla/5.0 (Macintosh; Intel Mac OS X 10_14_3) AppleWebKit/537.36 (KHTML, like Gecko) Chrome/73.0.3683.86 Safari/537.36"
::1 - - [25/Mar/2019:19:38:36 +0000] "GET /images/1550589116754-book.jpg HTTP/1.1" 304 - "http://localhost:8080/" "Mozilla/5.0 (Macintosh; Intel Mac OS X 10_14_3) AppleWebKit/537.36 (KHTML, like Gecko) Chrome/73.0.3683.86 Safari/537.36"
::1 - - [25/Mar/2019:19:38:37 +0000] "GET /js/main.js HTTP/1.1" 304 - "http://localhost:8080/" "Mozilla/5.0 (Macintosh; Intel Mac OS X 10_14_3) AppleWebKit/537.36 (KHTML, like Gecko) Chrome/73.0.3683.86 Safari/537.36"
::1 - - [25/Mar/2019:19:38:37 +0000] "GET /images/1550613832453-cookie%20cup.jpeg HTTP/1.1" 304 - "http://localhost:8080/" "Mozilla/5.0 (Macintosh; Intel Mac OS X 10_14_3) AppleWebKit/537.36 (KHTML, like Gecko) Chrome/73.0.3683.86 Safari/537.36"
::1 - - [25/Mar/2019:19:38:39 +0000] "GET /?page=3 HTTP/1.1" 200 - "http://localhost:8080/" "Mozilla/5.0 (Macintosh; Intel Mac OS X 10_14_3) AppleWebKit/537.36 (KHTML, like Gecko) Chrome/73.0.3683.86 Safari/537.36"
::1 - - [25/Mar/2019:19:38:39 +0000] "GET /css/main.css HTTP/1.1" 304 - "http://localhost:8080/?page=3" "Mozilla/5.0 (Macintosh; Intel Mac OS X 10_14_3) AppleWebKit/537.36 (KHTML, like Gecko) Chrome/73.0.3683.86 Safari/537.36"
::1 - - [25/Mar/2019:19:38:39 +0000] "GET /css/product.css HTTP/1.1" 304 - "http://localhost:8080/?page=3" "Mozilla/5.0 (Macintosh; Intel Mac OS X 10_14_3) AppleWebKit/537.36 (KHTML, like Gecko) Chrome/73.0.3683.86 Safari/537.36"
::1 - - [25/Mar/2019:19:38:39 +0000] "GET /js/main.js HTTP/1.1" 304 - "http://localhost:8080/?page=3" "Mozilla/5.0 (Macintosh; Intel Mac OS X 10_14_3) AppleWebKit/537.36 (KHTML, like Gecko) Chrome/73.0.3683.86 Safari/537.36"
::1 - - [25/Mar/2019:19:38:39 +0000] "GET /images/1553542714789-hair.png HTTP/1.1" 200 1665365 "http://localhost:8080/?page=3" "Mozilla/5.0 (Macintosh; Intel Mac OS X 10_14_3) AppleWebKit/537.36 (KHTML, like Gecko) Chrome/73.0.3683.86 Safari/537.36"
::1 - - [25/Mar/2019:19:38:43 +0000] "GET /?page=2 HTTP/1.1" 200 - "http://localhost:8080/?page=3" "Mozilla/5.0 (Macintosh; Intel Mac OS X 10_14_3) AppleWebKit/537.36 (KHTML, like Gecko) Chrome/73.0.3683.86 Safari/537.36"
::1 - - [25/Mar/2019:19:38:43 +0000] "GET /css/main.css HTTP/1.1" 304 - "http://localhost:8080/?page=2" "Mozilla/5.0 (Macintosh; Intel Mac OS X 10_14_3) AppleWebKit/537.36 (KHTML, like Gecko) Chrome/73.0.3683.86 Safari/537.36"
::1 - - [25/Mar/2019:19:38:43 +0000] "GET /css/product.css HTTP/1.1" 304 - "http://localhost:8080/?page=2" "Mozilla/5.0 (Macintosh; Intel Mac OS X 10_14_3) AppleWebKit/537.36 (KHTML, like Gecko) Chrome/73.0.3683.86 Safari/537.36"
::1 - - [25/Mar/2019:19:38:43 +0000] "GET /images/1550613883943-cup.jpg HTTP/1.1" 304 - "http://localhost:8080/?page=2" "Mozilla/5.0 (Macintosh; Intel Mac OS X 10_14_3) AppleWebKit/537.36 (KHTML, like Gecko) Chrome/73.0.3683.86 Safari/537.36"
::1 - - [25/Mar/2019:19:38:43 +0000] "GET /images/1550613933880-doughnuts.jpg HTTP/1.1" 304 - "http://localhost:8080/?page=2" "Mozilla/5.0 (Macintosh; Intel Mac OS X 10_14_3) AppleWebKit/537.36 (KHTML, like Gecko) Chrome/73.0.3683.86 Safari/537.36"
::1 - - [25/Mar/2019:19:38:43 +0000] "GET /js/main.js HTTP/1.1" 304 - "http://localhost:8080/?page=2" "Mozilla/5.0 (Macintosh; Intel Mac OS X 10_14_3) AppleWebKit/537.36 (KHTML, like Gecko) Chrome/73.0.3683.86 Safari/537.36"
::1 - - [25/Mar/2019:19:38:43 +0000] "GET /images/1550614011795-coffee.jpeg HTTP/1.1" 304 - "http://localhost:8080/?page=2" "Mozilla/5.0 (Macintosh; Intel Mac OS X 10_14_3) AppleWebKit/537.36 (KHTML, like Gecko) Chrome/73.0.3683.86 Safari/537.36"
::1 - - [25/Mar/2019:19:38:46 +0000] "GET /?page=1 HTTP/1.1" 200 - "http://localhost:8080/?page=2" "Mozilla/5.0 (Macintosh; Intel Mac OS X 10_14_3) AppleWebKit/537.36 (KHTML, like Gecko) Chrome/73.0.3683.86 Safari/537.36"
::1 - - [25/Mar/2019:19:38:46 +0000] "GET /css/product.css HTTP/1.1" 304 - "http://localhost:8080/?page=1" "Mozilla/5.0 (Macintosh; Intel Mac OS X 10_14_3) AppleWebKit/537.36 (KHTML, like Gecko) Chrome/73.0.3683.86 Safari/537.36"
::1 - - [25/Mar/2019:19:38:46 +0000] "GET /css/main.css HTTP/1.1" 304 - "http://localhost:8080/?page=1" "Mozilla/5.0 (Macintosh; Intel Mac OS X 10_14_3) AppleWebKit/537.36 (KHTML, like Gecko) Chrome/73.0.3683.86 Safari/537.36"
::1 - - [25/Mar/2019:19:38:46 +0000] "GET /images/1550613799217-duck.jpg HTTP/1.1" 304 - "http://localhost:8080/?page=1" "Mozilla/5.0 (Macintosh; Intel Mac OS X 10_14_3) AppleWebKit/537.36 (KHTML, like Gecko) Chrome/73.0.3683.86 Safari/537.36"
::1 - - [25/Mar/2019:19:38:46 +0000] "GET /images/1550589116754-book.jpg HTTP/1.1" 304 - "http://localhost:8080/?page=1" "Mozilla/5.0 (Macintosh; Intel Mac OS X 10_14_3) AppleWebKit/537.36 (KHTML, like Gecko) Chrome/73.0.3683.86 Safari/537.36"
::1 - - [25/Mar/2019:19:38:46 +0000] "GET /js/main.js HTTP/1.1" 304 - "http://localhost:8080/?page=1" "Mozilla/5.0 (Macintosh; Intel Mac OS X 10_14_3) AppleWebKit/537.36 (KHTML, like Gecko) Chrome/73.0.3683.86 Safari/537.36"
::1 - - [25/Mar/2019:19:38:46 +0000] "GET /images/1550613832453-cookie%20cup.jpeg HTTP/1.1" 304 - "http://localhost:8080/?page=1" "Mozilla/5.0 (Macintosh; Intel Mac OS X 10_14_3) AppleWebKit/537.36 (KHTML, like Gecko) Chrome/73.0.3683.86 Safari/537.36"
::1 - - [25/Mar/2019:19:38:54 +0000] "POST /cart HTTP/1.1" 302 54 "http://localhost:8080/?page=1" "Mozilla/5.0 (Macintosh; Intel Mac OS X 10_14_3) AppleWebKit/537.36 (KHTML, like Gecko) Chrome/73.0.3683.86 Safari/537.36"
::1 - - [25/Mar/2019:19:38:55 +0000] "GET /cart HTTP/1.1" 200 - "http://localhost:8080/?page=1" "Mozilla/5.0 (Macintosh; Intel Mac OS X 10_14_3) AppleWebKit/537.36 (KHTML, like Gecko) Chrome/73.0.3683.86 Safari/537.36"
::1 - - [25/Mar/2019:19:38:55 +0000] "GET /js/main.js HTTP/1.1" 304 - "http://localhost:8080/cart" "Mozilla/5.0 (Macintosh; Intel Mac OS X 10_14_3) AppleWebKit/537.36 (KHTML, like Gecko) Chrome/73.0.3683.86 Safari/537.36"
::1 - - [25/Mar/2019:19:38:55 +0000] "GET /css/main.css HTTP/1.1" 304 - "http://localhost:8080/cart" "Mozilla/5.0 (Macintosh; Intel Mac OS X 10_14_3) AppleWebKit/537.36 (KHTML, like Gecko) Chrome/73.0.3683.86 Safari/537.36"
::1 - - [25/Mar/2019:19:38:55 +0000] "GET /css/cart.css HTTP/1.1" 200 364 "http://localhost:8080/cart" "Mozilla/5.0 (Macintosh; Intel Mac OS X 10_14_3) AppleWebKit/537.36 (KHTML, like Gecko) Chrome/73.0.3683.86 Safari/537.36"
::1 - - [25/Mar/2019:19:39:01 +0000] "POST /cart HTTP/1.1" 302 54 "http://localhost:8080/?page=1" "Mozilla/5.0 (Macintosh; Intel Mac OS X 10_14_3) AppleWebKit/537.36 (KHTML, like Gecko) Chrome/73.0.3683.86 Safari/537.36"
::1 - - [25/Mar/2019:19:39:02 +0000] "GET /cart HTTP/1.1" 200 - "http://localhost:8080/?page=1" "Mozilla/5.0 (Macintosh; Intel Mac OS X 10_14_3) AppleWebKit/537.36 (KHTML, like Gecko) Chrome/73.0.3683.86 Safari/537.36"
::1 - - [25/Mar/2019:19:39:02 +0000] "GET /css/main.css HTTP/1.1" 304 - "http://localhost:8080/cart" "Mozilla/5.0 (Macintosh; Intel Mac OS X 10_14_3) AppleWebKit/537.36 (KHTML, like Gecko) Chrome/73.0.3683.86 Safari/537.36"
::1 - - [25/Mar/2019:19:39:02 +0000] "GET /js/main.js HTTP/1.1" 304 - "http://localhost:8080/cart" "Mozilla/5.0 (Macintosh; Intel Mac OS X 10_14_3) AppleWebKit/537.36 (KHTML, like Gecko) Chrome/73.0.3683.86 Safari/537.36"
::1 - - [25/Mar/2019:19:39:02 +0000] "GET /css/cart.css HTTP/1.1" 304 - "http://localhost:8080/cart" "Mozilla/5.0 (Macintosh; Intel Mac OS X 10_14_3) AppleWebKit/537.36 (KHTML, like Gecko) Chrome/73.0.3683.86 Safari/537.36"
::1 - - [25/Mar/2019:19:39:06 +0000] "POST /create-order HTTP/1.1" 302 58 "http://localhost:8080/cart" "Mozilla/5.0 (Macintosh; Intel Mac OS X 10_14_3) AppleWebKit/537.36 (KHTML, like Gecko) Chrome/73.0.3683.86 Safari/537.36"
::1 - - [25/Mar/2019:19:39:06 +0000] "GET /orders HTTP/1.1" 200 - "http://localhost:8080/cart" "Mozilla/5.0 (Macintosh; Intel Mac OS X 10_14_3) AppleWebKit/537.36 (KHTML, like Gecko) Chrome/73.0.3683.86 Safari/537.36"
::1 - - [25/Mar/2019:19:39:06 +0000] "GET /css/main.css HTTP/1.1" 304 - "http://localhost:8080/orders" "Mozilla/5.0 (Macintosh; Intel Mac OS X 10_14_3) AppleWebKit/537.36 (KHTML, like Gecko) Chrome/73.0.3683.86 Safari/537.36"
::1 - - [25/Mar/2019:19:39:06 +0000] "GET /js/main.js HTTP/1.1" 304 - "http://localhost:8080/orders" "Mozilla/5.0 (Macintosh; Intel Mac OS X 10_14_3) AppleWebKit/537.36 (KHTML, like Gecko) Chrome/73.0.3683.86 Safari/537.36"
::1 - - [25/Mar/2019:19:39:09 +0000] "GET /orders/1 HTTP/1.1" 200 - "http://localhost:8080/orders" "Mozilla/5.0 (Macintosh; Intel Mac OS X 10_14_3) AppleWebKit/537.36 (KHTML, like Gecko) Chrome/73.0.3683.86 Safari/537.36"
::1 - - [25/Mar/2019:19:39:23 +0000] "GET / HTTP/1.1" 200 - "-" "Mozilla/5.0 (Macintosh; Intel Mac OS X 10_14_3) AppleWebKit/537.36 (KHTML, like Gecko) Chrome/73.0.3683.86 Safari/537.36"
::1 - - [25/Mar/2019:19:39:23 +0000] "GET /css/product.css HTTP/1.1" 304 - "http://localhost:8080/" "Mozilla/5.0 (Macintosh; Intel Mac OS X 10_14_3) AppleWebKit/537.36 (KHTML, like Gecko) Chrome/73.0.3683.86 Safari/537.36"
::1 - - [25/Mar/2019:19:39:23 +0000] "GET /css/main.css HTTP/1.1" 304 - "http://localhost:8080/" "Mozilla/5.0 (Macintosh; Intel Mac OS X 10_14_3) AppleWebKit/537.36 (KHTML, like Gecko) Chrome/73.0.3683.86 Safari/537.36"
::1 - - [25/Mar/2019:19:39:23 +0000] "GET /images/1550589116754-book.jpg HTTP/1.1" 304 - "http://localhost:8080/" "Mozilla/5.0 (Macintosh; Intel Mac OS X 10_14_3) AppleWebKit/537.36 (KHTML, like Gecko) Chrome/73.0.3683.86 Safari/537.36"
::1 - - [25/Mar/2019:19:39:23 +0000] "GET /images/1550613799217-duck.jpg HTTP/1.1" 304 - "http://localhost:8080/" "Mozilla/5.0 (Macintosh; Intel Mac OS X 10_14_3) AppleWebKit/537.36 (KHTML, like Gecko) Chrome/73.0.3683.86 Safari/537.36"
::1 - - [25/Mar/2019:19:39:23 +0000] "GET /js/main.js HTTP/1.1" 304 - "http://localhost:8080/" "Mozilla/5.0 (Macintosh; Intel Mac OS X 10_14_3) AppleWebKit/537.36 (KHTML, like Gecko) Chrome/73.0.3683.86 Safari/537.36"
::1 - - [25/Mar/2019:19:39:23 +0000] "GET /images/1550613832453-cookie%20cup.jpeg HTTP/1.1" 304 - "http://localhost:8080/" "Mozilla/5.0 (Macintosh; Intel Mac OS X 10_14_3) AppleWebKit/537.36 (KHTML, like Gecko) Chrome/73.0.3683.86 Safari/537.36"
::1 - - [25/Mar/2019:19:39:34 +0000] "GET /products HTTP/1.1" 200 - "http://localhost:8080/" "Mozilla/5.0 (Macintosh; Intel Mac OS X 10_14_3) AppleWebKit/537.36 (KHTML, like Gecko) Chrome/73.0.3683.86 Safari/537.36"
::1 - - [25/Mar/2019:19:39:34 +0000] "GET /css/main.css HTTP/1.1" 304 - "http://localhost:8080/products" "Mozilla/5.0 (Macintosh; Intel Mac OS X 10_14_3) AppleWebKit/537.36 (KHTML, like Gecko) Chrome/73.0.3683.86 Safari/537.36"
::1 - - [25/Mar/2019:19:39:34 +0000] "GET /css/product.css HTTP/1.1" 304 - "http://localhost:8080/products" "Mozilla/5.0 (Macintosh; Intel Mac OS X 10_14_3) AppleWebKit/537.36 (KHTML, like Gecko) Chrome/73.0.3683.86 Safari/537.36"
::1 - - [25/Mar/2019:19:39:34 +0000] "GET /images/1550589116754-book.jpg HTTP/1.1" 304 - "http://localhost:8080/products" "Mozilla/5.0 (Macintosh; Intel Mac OS X 10_14_3) AppleWebKit/537.36 (KHTML, like Gecko) Chrome/73.0.3683.86 Safari/537.36"
::1 - - [25/Mar/2019:19:39:34 +0000] "GET /images/1550613799217-duck.jpg HTTP/1.1" 304 - "http://localhost:8080/products" "Mozilla/5.0 (Macintosh; Intel Mac OS X 10_14_3) AppleWebKit/537.36 (KHTML, like Gecko) Chrome/73.0.3683.86 Safari/537.36"
::1 - - [25/Mar/2019:19:39:34 +0000] "GET /js/main.js HTTP/1.1" 304 - "http://localhost:8080/products" "Mozilla/5.0 (Macintosh; Intel Mac OS X 10_14_3) AppleWebKit/537.36 (KHTML, like Gecko) Chrome/73.0.3683.86 Safari/537.36"
::1 - - [25/Mar/2019:19:39:34 +0000] "GET /images/1550613832453-cookie%20cup.jpeg HTTP/1.1" 304 - "http://localhost:8080/products" "Mozilla/5.0 (Macintosh; Intel Mac OS X 10_14_3) AppleWebKit/537.36 (KHTML, like Gecko) Chrome/73.0.3683.86 Safari/537.36"
::1 - - [25/Mar/2019:19:39:34 +0000] "GET /images/1550613883943-cup.jpg HTTP/1.1" 304 - "http://localhost:8080/products" "Mozilla/5.0 (Macintosh; Intel Mac OS X 10_14_3) AppleWebKit/537.36 (KHTML, like Gecko) Chrome/73.0.3683.86 Safari/537.36"
::1 - - [25/Mar/2019:19:39:34 +0000] "GET /images/1550613933880-doughnuts.jpg HTTP/1.1" 304 - "http://localhost:8080/products" "Mozilla/5.0 (Macintosh; Intel Mac OS X 10_14_3) AppleWebKit/537.36 (KHTML, like Gecko) Chrome/73.0.3683.86 Safari/537.36"
::1 - - [25/Mar/2019:19:39:34 +0000] "GET /images/1550614011795-coffee.jpeg HTTP/1.1" 304 - "http://localhost:8080/products" "Mozilla/5.0 (Macintosh; Intel Mac OS X 10_14_3) AppleWebKit/537.36 (KHTML, like Gecko) Chrome/73.0.3683.86 Safari/537.36"
::1 - - [25/Mar/2019:19:39:34 +0000] "GET /images/1553542714789-hair.png HTTP/1.1" 304 - "http://localhost:8080/products" "Mozilla/5.0 (Macintosh; Intel Mac OS X 10_14_3) AppleWebKit/537.36 (KHTML, like Gecko) Chrome/73.0.3683.86 Safari/537.36"
::1 - - [25/Mar/2019:19:39:42 +0000] "GET /cart HTTP/1.1" 200 - "http://localhost:8080/products" "Mozilla/5.0 (Macintosh; Intel Mac OS X 10_14_3) AppleWebKit/537.36 (KHTML, like Gecko) Chrome/73.0.3683.86 Safari/537.36"
::1 - - [25/Mar/2019:19:39:42 +0000] "GET /css/main.css HTTP/1.1" 304 - "http://localhost:8080/cart" "Mozilla/5.0 (Macintosh; Intel Mac OS X 10_14_3) AppleWebKit/537.36 (KHTML, like Gecko) Chrome/73.0.3683.86 Safari/537.36"
::1 - - [25/Mar/2019:19:39:42 +0000] "GET /css/cart.css HTTP/1.1" 304 - "http://localhost:8080/cart" "Mozilla/5.0 (Macintosh; Intel Mac OS X 10_14_3) AppleWebKit/537.36 (KHTML, like Gecko) Chrome/73.0.3683.86 Safari/537.36"
::1 - - [25/Mar/2019:19:39:42 +0000] "GET /js/main.js HTTP/1.1" 304 - "http://localhost:8080/cart" "Mozilla/5.0 (Macintosh; Intel Mac OS X 10_14_3) AppleWebKit/537.36 (KHTML, like Gecko) Chrome/73.0.3683.86 Safari/537.36"
::1 - - [25/Mar/2019:19:39:56 +0000] "GET /orders HTTP/1.1" 200 - "http://localhost:8080/cart" "Mozilla/5.0 (Macintosh; Intel Mac OS X 10_14_3) AppleWebKit/537.36 (KHTML, like Gecko) Chrome/73.0.3683.86 Safari/537.36"
::1 - - [25/Mar/2019:19:39:56 +0000] "GET /css/main.css HTTP/1.1" 304 - "http://localhost:8080/orders" "Mozilla/5.0 (Macintosh; Intel Mac OS X 10_14_3) AppleWebKit/537.36 (KHTML, like Gecko) Chrome/73.0.3683.86 Safari/537.36"
::1 - - [25/Mar/2019:19:39:56 +0000] "GET /js/main.js HTTP/1.1" 304 - "http://localhost:8080/orders" "Mozilla/5.0 (Macintosh; Intel Mac OS X 10_14_3) AppleWebKit/537.36 (KHTML, like Gecko) Chrome/73.0.3683.86 Safari/537.36"
::1 - - [25/Mar/2019:19:39:59 +0000] "GET /cart HTTP/1.1" 200 - "http://localhost:8080/orders" "Mozilla/5.0 (Macintosh; Intel Mac OS X 10_14_3) AppleWebKit/537.36 (KHTML, like Gecko) Chrome/73.0.3683.86 Safari/537.36"
::1 - - [25/Mar/2019:19:39:59 +0000] "GET /css/main.css HTTP/1.1" 304 - "http://localhost:8080/cart" "Mozilla/5.0 (Macintosh; Intel Mac OS X 10_14_3) AppleWebKit/537.36 (KHTML, like Gecko) Chrome/73.0.3683.86 Safari/537.36"
::1 - - [25/Mar/2019:19:39:59 +0000] "GET /css/cart.css HTTP/1.1" 304 - "http://localhost:8080/cart" "Mozilla/5.0 (Macintosh; Intel Mac OS X 10_14_3) AppleWebKit/537.36 (KHTML, like Gecko) Chrome/73.0.3683.86 Safari/537.36"
::1 - - [25/Mar/2019:19:39:59 +0000] "GET /js/main.js HTTP/1.1" 304 - "http://localhost:8080/cart" "Mozilla/5.0 (Macintosh; Intel Mac OS X 10_14_3) AppleWebKit/537.36 (KHTML, like Gecko) Chrome/73.0.3683.86 Safari/537.36"
::1 - - [25/Mar/2019:19:40:02 +0000] "GET /orders HTTP/1.1" - - "http://localhost:8080/cart" "Mozilla/5.0 (Macintosh; Intel Mac OS X 10_14_3) AppleWebKit/537.36 (KHTML, like Gecko) Chrome/73.0.3683.86 Safari/537.36"
::1 - - [25/Mar/2019:19:40:04 +0000] "GET /orders HTTP/1.1" 200 - "http://localhost:8080/cart" "Mozilla/5.0 (Macintosh; Intel Mac OS X 10_14_3) AppleWebKit/537.36 (KHTML, like Gecko) Chrome/73.0.3683.86 Safari/537.36"
::1 - - [25/Mar/2019:19:40:04 +0000] "GET /css/main.css HTTP/1.1" 304 - "http://localhost:8080/orders" "Mozilla/5.0 (Macintosh; Intel Mac OS X 10_14_3) AppleWebKit/537.36 (KHTML, like Gecko) Chrome/73.0.3683.86 Safari/537.36"
::1 - - [25/Mar/2019:19:40:04 +0000] "GET /js/main.js HTTP/1.1" 304 - "http://localhost:8080/orders" "Mozilla/5.0 (Macintosh; Intel Mac OS X 10_14_3) AppleWebKit/537.36 (KHTML, like Gecko) Chrome/73.0.3683.86 Safari/537.36"
::1 - - [25/Mar/2019:19:40:05 +0000] "GET /orders HTTP/1.1" 200 - "http://localhost:8080/orders" "Mozilla/5.0 (Macintosh; Intel Mac OS X 10_14_3) AppleWebKit/537.36 (KHTML, like Gecko) Chrome/73.0.3683.86 Safari/537.36"
::1 - - [25/Mar/2019:19:40:05 +0000] "GET /css/main.css HTTP/1.1" 304 - "http://localhost:8080/orders" "Mozilla/5.0 (Macintosh; Intel Mac OS X 10_14_3) AppleWebKit/537.36 (KHTML, like Gecko) Chrome/73.0.3683.86 Safari/537.36"
::1 - - [25/Mar/2019:19:40:05 +0000] "GET /js/main.js HTTP/1.1" 304 - "http://localhost:8080/orders" "Mozilla/5.0 (Macintosh; Intel Mac OS X 10_14_3) AppleWebKit/537.36 (KHTML, like Gecko) Chrome/73.0.3683.86 Safari/537.36"
::1 - - [25/Mar/2019:19:40:12 +0000] "GET /admin/add-product HTTP/1.1" 200 - "http://localhost:8080/orders" "Mozilla/5.0 (Macintosh; Intel Mac OS X 10_14_3) AppleWebKit/537.36 (KHTML, like Gecko) Chrome/73.0.3683.86 Safari/537.36"
::1 - - [25/Mar/2019:19:40:12 +0000] "GET /css/main.css HTTP/1.1" 304 - "http://localhost:8080/admin/add-product" "Mozilla/5.0 (Macintosh; Intel Mac OS X 10_14_3) AppleWebKit/537.36 (KHTML, like Gecko) Chrome/73.0.3683.86 Safari/537.36"
::1 - - [25/Mar/2019:19:40:12 +0000] "GET /css/product.css HTTP/1.1" 304 - "http://localhost:8080/admin/add-product" "Mozilla/5.0 (Macintosh; Intel Mac OS X 10_14_3) AppleWebKit/537.36 (KHTML, like Gecko) Chrome/73.0.3683.86 Safari/537.36"
::1 - - [25/Mar/2019:19:40:12 +0000] "GET /css/forms.css HTTP/1.1" 304 - "http://localhost:8080/admin/add-product" "Mozilla/5.0 (Macintosh; Intel Mac OS X 10_14_3) AppleWebKit/537.36 (KHTML, like Gecko) Chrome/73.0.3683.86 Safari/537.36"
::1 - - [25/Mar/2019:19:40:12 +0000] "GET /js/main.js HTTP/1.1" 304 - "http://localhost:8080/admin/add-product" "Mozilla/5.0 (Macintosh; Intel Mac OS X 10_14_3) AppleWebKit/537.36 (KHTML, like Gecko) Chrome/73.0.3683.86 Safari/537.36"
::1 - - [25/Mar/2019:19:40:14 +0000] "GET /admin/products HTTP/1.1" 200 - "http://localhost:8080/admin/add-product" "Mozilla/5.0 (Macintosh; Intel Mac OS X 10_14_3) AppleWebKit/537.36 (KHTML, like Gecko) Chrome/73.0.3683.86 Safari/537.36"
::1 - - [25/Mar/2019:19:40:14 +0000] "GET /css/main.css HTTP/1.1" 304 - "http://localhost:8080/admin/products" "Mozilla/5.0 (Macintosh; Intel Mac OS X 10_14_3) AppleWebKit/537.36 (KHTML, like Gecko) Chrome/73.0.3683.86 Safari/537.36"
::1 - - [25/Mar/2019:19:40:14 +0000] "GET /css/product.css HTTP/1.1" 304 - "http://localhost:8080/admin/products" "Mozilla/5.0 (Macintosh; Intel Mac OS X 10_14_3) AppleWebKit/537.36 (KHTML, like Gecko) Chrome/73.0.3683.86 Safari/537.36"
::1 - - [25/Mar/2019:19:40:14 +0000] "GET /images/1553542714789-hair.png HTTP/1.1" 304 - "http://localhost:8080/admin/products" "Mozilla/5.0 (Macintosh; Intel Mac OS X 10_14_3) AppleWebKit/537.36 (KHTML, like Gecko) Chrome/73.0.3683.86 Safari/537.36"
::1 - - [25/Mar/2019:19:40:14 +0000] "GET /js/main.js HTTP/1.1" 304 - "http://localhost:8080/admin/products" "Mozilla/5.0 (Macintosh; Intel Mac OS X 10_14_3) AppleWebKit/537.36 (KHTML, like Gecko) Chrome/73.0.3683.86 Safari/537.36"
::1 - - [25/Mar/2019:19:40:21 +0000] "GET /cart HTTP/1.1" 200 - "http://localhost:8080/admin/products" "Mozilla/5.0 (Macintosh; Intel Mac OS X 10_14_3) AppleWebKit/537.36 (KHTML, like Gecko) Chrome/73.0.3683.86 Safari/537.36"
::1 - - [25/Mar/2019:19:40:21 +0000] "GET /css/main.css HTTP/1.1" 304 - "http://localhost:8080/cart" "Mozilla/5.0 (Macintosh; Intel Mac OS X 10_14_3) AppleWebKit/537.36 (KHTML, like Gecko) Chrome/73.0.3683.86 Safari/537.36"
::1 - - [25/Mar/2019:19:40:21 +0000] "GET /css/cart.css HTTP/1.1" 304 - "http://localhost:8080/cart" "Mozilla/5.0 (Macintosh; Intel Mac OS X 10_14_3) AppleWebKit/537.36 (KHTML, like Gecko) Chrome/73.0.3683.86 Safari/537.36"
::1 - - [25/Mar/2019:19:40:21 +0000] "GET /js/main.js HTTP/1.1" 304 - "http://localhost:8080/cart" "Mozilla/5.0 (Macintosh; Intel Mac OS X 10_14_3) AppleWebKit/537.36 (KHTML, like Gecko) Chrome/73.0.3683.86 Safari/537.36"
::1 - - [25/Mar/2019:19:40:58 +0000] "GET /products HTTP/1.1" 200 - "http://localhost:8080/cart" "Mozilla/5.0 (Macintosh; Intel Mac OS X 10_14_3) AppleWebKit/537.36 (KHTML, like Gecko) Chrome/73.0.3683.86 Safari/537.36"
::1 - - [25/Mar/2019:19:40:58 +0000] "GET /css/product.css HTTP/1.1" 304 - "http://localhost:8080/products" "Mozilla/5.0 (Macintosh; Intel Mac OS X 10_14_3) AppleWebKit/537.36 (KHTML, like Gecko) Chrome/73.0.3683.86 Safari/537.36"
::1 - - [25/Mar/2019:19:40:58 +0000] "GET /css/main.css HTTP/1.1" 304 - "http://localhost:8080/products" "Mozilla/5.0 (Macintosh; Intel Mac OS X 10_14_3) AppleWebKit/537.36 (KHTML, like Gecko) Chrome/73.0.3683.86 Safari/537.36"
::1 - - [25/Mar/2019:19:40:58 +0000] "GET /images/1550589116754-book.jpg HTTP/1.1" 304 - "http://localhost:8080/products" "Mozilla/5.0 (Macintosh; Intel Mac OS X 10_14_3) AppleWebKit/537.36 (KHTML, like Gecko) Chrome/73.0.3683.86 Safari/537.36"
::1 - - [25/Mar/2019:19:40:58 +0000] "GET /images/1550613799217-duck.jpg HTTP/1.1" 304 - "http://localhost:8080/products" "Mozilla/5.0 (Macintosh; Intel Mac OS X 10_14_3) AppleWebKit/537.36 (KHTML, like Gecko) Chrome/73.0.3683.86 Safari/537.36"
::1 - - [25/Mar/2019:19:40:58 +0000] "GET /js/main.js HTTP/1.1" 304 - "http://localhost:8080/products" "Mozilla/5.0 (Macintosh; Intel Mac OS X 10_14_3) AppleWebKit/537.36 (KHTML, like Gecko) Chrome/73.0.3683.86 Safari/537.36"
::1 - - [25/Mar/2019:19:40:58 +0000] "GET /images/1550613832453-cookie%20cup.jpeg HTTP/1.1" 304 - "http://localhost:8080/products" "Mozilla/5.0 (Macintosh; Intel Mac OS X 10_14_3) AppleWebKit/537.36 (KHTML, like Gecko) Chrome/73.0.3683.86 Safari/537.36"
::1 - - [25/Mar/2019:19:40:58 +0000] "GET /images/1550613883943-cup.jpg HTTP/1.1" 304 - "http://localhost:8080/products" "Mozilla/5.0 (Macintosh; Intel Mac OS X 10_14_3) AppleWebKit/537.36 (KHTML, like Gecko) Chrome/73.0.3683.86 Safari/537.36"
::1 - - [25/Mar/2019:19:40:58 +0000] "GET /images/1550613933880-doughnuts.jpg HTTP/1.1" 304 - "http://localhost:8080/products" "Mozilla/5.0 (Macintosh; Intel Mac OS X 10_14_3) AppleWebKit/537.36 (KHTML, like Gecko) Chrome/73.0.3683.86 Safari/537.36"
::1 - - [25/Mar/2019:19:40:58 +0000] "GET /images/1550614011795-coffee.jpeg HTTP/1.1" 304 - "http://localhost:8080/products" "Mozilla/5.0 (Macintosh; Intel Mac OS X 10_14_3) AppleWebKit/537.36 (KHTML, like Gecko) Chrome/73.0.3683.86 Safari/537.36"
::1 - - [25/Mar/2019:19:40:58 +0000] "GET /images/1553542714789-hair.png HTTP/1.1" 304 - "http://localhost:8080/products" "Mozilla/5.0 (Macintosh; Intel Mac OS X 10_14_3) AppleWebKit/537.36 (KHTML, like Gecko) Chrome/73.0.3683.86 Safari/537.36"
::1 - - [25/Mar/2019:19:41:02 +0000] "GET / HTTP/1.1" 200 - "http://localhost:8080/products" "Mozilla/5.0 (Macintosh; Intel Mac OS X 10_14_3) AppleWebKit/537.36 (KHTML, like Gecko) Chrome/73.0.3683.86 Safari/537.36"
::1 - - [25/Mar/2019:19:41:02 +0000] "GET /css/main.css HTTP/1.1" 304 - "http://localhost:8080/" "Mozilla/5.0 (Macintosh; Intel Mac OS X 10_14_3) AppleWebKit/537.36 (KHTML, like Gecko) Chrome/73.0.3683.86 Safari/537.36"
::1 - - [25/Mar/2019:19:41:02 +0000] "GET /css/product.css HTTP/1.1" 304 - "http://localhost:8080/" "Mozilla/5.0 (Macintosh; Intel Mac OS X 10_14_3) AppleWebKit/537.36 (KHTML, like Gecko) Chrome/73.0.3683.86 Safari/537.36"
::1 - - [25/Mar/2019:19:41:02 +0000] "GET /images/1550589116754-book.jpg HTTP/1.1" 304 - "http://localhost:8080/" "Mozilla/5.0 (Macintosh; Intel Mac OS X 10_14_3) AppleWebKit/537.36 (KHTML, like Gecko) Chrome/73.0.3683.86 Safari/537.36"
::1 - - [25/Mar/2019:19:41:02 +0000] "GET /images/1550613799217-duck.jpg HTTP/1.1" 304 - "http://localhost:8080/" "Mozilla/5.0 (Macintosh; Intel Mac OS X 10_14_3) AppleWebKit/537.36 (KHTML, like Gecko) Chrome/73.0.3683.86 Safari/537.36"
::1 - - [25/Mar/2019:19:41:02 +0000] "GET /js/main.js HTTP/1.1" 304 - "http://localhost:8080/" "Mozilla/5.0 (Macintosh; Intel Mac OS X 10_14_3) AppleWebKit/537.36 (KHTML, like Gecko) Chrome/73.0.3683.86 Safari/537.36"
::1 - - [25/Mar/2019:19:41:02 +0000] "GET /images/1550613832453-cookie%20cup.jpeg HTTP/1.1" 304 - "http://localhost:8080/" "Mozilla/5.0 (Macintosh; Intel Mac OS X 10_14_3) AppleWebKit/537.36 (KHTML, like Gecko) Chrome/73.0.3683.86 Safari/537.36"
::1 - - [25/Mar/2019:19:41:05 +0000] "GET /cart HTTP/1.1" 200 - "http://localhost:8080/" "Mozilla/5.0 (Macintosh; Intel Mac OS X 10_14_3) AppleWebKit/537.36 (KHTML, like Gecko) Chrome/73.0.3683.86 Safari/537.36"
::1 - - [25/Mar/2019:19:41:05 +0000] "GET /css/main.css HTTP/1.1" 304 - "http://localhost:8080/cart" "Mozilla/5.0 (Macintosh; Intel Mac OS X 10_14_3) AppleWebKit/537.36 (KHTML, like Gecko) Chrome/73.0.3683.86 Safari/537.36"
::1 - - [25/Mar/2019:19:41:05 +0000] "GET /css/cart.css HTTP/1.1" 304 - "http://localhost:8080/cart" "Mozilla/5.0 (Macintosh; Intel Mac OS X 10_14_3) AppleWebKit/537.36 (KHTML, like Gecko) Chrome/73.0.3683.86 Safari/537.36"
::1 - - [25/Mar/2019:19:41:05 +0000] "GET /js/main.js HTTP/1.1" 304 - "http://localhost:8080/cart" "Mozilla/5.0 (Macintosh; Intel Mac OS X 10_14_3) AppleWebKit/537.36 (KHTML, like Gecko) Chrome/73.0.3683.86 Safari/537.36"
::1 - - [25/Mar/2019:19:41:06 +0000] "GET /orders HTTP/1.1" 200 - "http://localhost:8080/cart" "Mozilla/5.0 (Macintosh; Intel Mac OS X 10_14_3) AppleWebKit/537.36 (KHTML, like Gecko) Chrome/73.0.3683.86 Safari/537.36"
::1 - - [25/Mar/2019:19:41:07 +0000] "GET /css/main.css HTTP/1.1" 304 - "http://localhost:8080/orders" "Mozilla/5.0 (Macintosh; Intel Mac OS X 10_14_3) AppleWebKit/537.36 (KHTML, like Gecko) Chrome/73.0.3683.86 Safari/537.36"
::1 - - [25/Mar/2019:19:41:07 +0000] "GET /js/main.js HTTP/1.1" 304 - "http://localhost:8080/orders" "Mozilla/5.0 (Macintosh; Intel Mac OS X 10_14_3) AppleWebKit/537.36 (KHTML, like Gecko) Chrome/73.0.3683.86 Safari/537.36"
::1 - - [25/Mar/2019:19:41:08 +0000] "GET /admin/add-product HTTP/1.1" 200 - "http://localhost:8080/orders" "Mozilla/5.0 (Macintosh; Intel Mac OS X 10_14_3) AppleWebKit/537.36 (KHTML, like Gecko) Chrome/73.0.3683.86 Safari/537.36"
::1 - - [25/Mar/2019:19:41:08 +0000] "GET /css/main.css HTTP/1.1" 304 - "http://localhost:8080/admin/add-product" "Mozilla/5.0 (Macintosh; Intel Mac OS X 10_14_3) AppleWebKit/537.36 (KHTML, like Gecko) Chrome/73.0.3683.86 Safari/537.36"
::1 - - [25/Mar/2019:19:41:08 +0000] "GET /css/product.css HTTP/1.1" 304 - "http://localhost:8080/admin/add-product" "Mozilla/5.0 (Macintosh; Intel Mac OS X 10_14_3) AppleWebKit/537.36 (KHTML, like Gecko) Chrome/73.0.3683.86 Safari/537.36"
::1 - - [25/Mar/2019:19:41:08 +0000] "GET /js/main.js HTTP/1.1" 304 - "http://localhost:8080/admin/add-product" "Mozilla/5.0 (Macintosh; Intel Mac OS X 10_14_3) AppleWebKit/537.36 (KHTML, like Gecko) Chrome/73.0.3683.86 Safari/537.36"
::1 - - [25/Mar/2019:19:41:08 +0000] "GET /css/forms.css HTTP/1.1" 304 - "http://localhost:8080/admin/add-product" "Mozilla/5.0 (Macintosh; Intel Mac OS X 10_14_3) AppleWebKit/537.36 (KHTML, like Gecko) Chrome/73.0.3683.86 Safari/537.36"
::1 - - [25/Mar/2019:19:41:09 +0000] "GET /admin/products HTTP/1.1" 200 - "http://localhost:8080/admin/add-product" "Mozilla/5.0 (Macintosh; Intel Mac OS X 10_14_3) AppleWebKit/537.36 (KHTML, like Gecko) Chrome/73.0.3683.86 Safari/537.36"
::1 - - [25/Mar/2019:19:41:09 +0000] "GET /css/main.css HTTP/1.1" 304 - "http://localhost:8080/admin/products" "Mozilla/5.0 (Macintosh; Intel Mac OS X 10_14_3) AppleWebKit/537.36 (KHTML, like Gecko) Chrome/73.0.3683.86 Safari/537.36"
::1 - - [25/Mar/2019:19:41:09 +0000] "GET /css/product.css HTTP/1.1" 304 - "http://localhost:8080/admin/products" "Mozilla/5.0 (Macintosh; Intel Mac OS X 10_14_3) AppleWebKit/537.36 (KHTML, like Gecko) Chrome/73.0.3683.86 Safari/537.36"
::1 - - [25/Mar/2019:19:41:09 +0000] "GET /js/main.js HTTP/1.1" 304 - "http://localhost:8080/admin/products" "Mozilla/5.0 (Macintosh; Intel Mac OS X 10_14_3) AppleWebKit/537.36 (KHTML, like Gecko) Chrome/73.0.3683.86 Safari/537.36"
::1 - - [25/Mar/2019:19:41:09 +0000] "GET /images/1553542714789-hair.png HTTP/1.1" 304 - "http://localhost:8080/admin/products" "Mozilla/5.0 (Macintosh; Intel Mac OS X 10_14_3) AppleWebKit/537.36 (KHTML, like Gecko) Chrome/73.0.3683.86 Safari/537.36"
